
  Memory set to   1.863 GiB by Python driver.
  Threads set to 2 by Python driver.

Scratch directory: /tmp/
  PCM or DDX continuum solvation does not make use of molecular symmetry: further calculations in C1 point group.
   => Libint2 <=

    Primary   basis highest AM E, G, H:  6, 6, 3
    Auxiliary basis highest AM E, G, H:  7, 7, 4
    Onebody   basis highest AM E, G, H:  -, -, -
    Solid Harmonics ordering:            Gaussian

*** tstart() called on BADWLRZ-CM14276
*** at Wed Apr 22 17:23:53 2026

   => Loading Basis Set <=

    Name: AUG-CC-PVDZ
    Role: ORBITAL
    Keyword: BASIS
    atoms 1-8  entry C          line   182 file /opt/anaconda3/envs/psi4/share/psi4/basis/aug-cc-pvdz.gbs 
    atoms 9-16 entry F          line   290 file /opt/anaconda3/envs/psi4/share/psi4/basis/aug-cc-pvdz.gbs 


         ---------------------------------------------------------
                                   SCF
               by Justin Turney, Rob Parrish, Andy Simmonett
                          and Daniel G. A. Smith
                              UHF Reference
                        2 Threads,   1907 MiB Core
         ---------------------------------------------------------

  ==> Geometry <==

    Molecular point group: c1
    Full point group: Oh

    Geometry (in Angstrom), charge = -1, multiplicity = 2:

       Center              X                  Y                   Z               Mass       
    ------------   -----------------  -----------------  -----------------  -----------------
         C           -0.777800000000    -0.777800000000    -0.777800000000    12.000000000000
         C           -0.777800000000    -0.777800000000     0.777800000000    12.000000000000
         C           -0.777800000000     0.777800000000    -0.777800000000    12.000000000000
         C           -0.777800000000     0.777800000000     0.777800000000    12.000000000000
         C            0.777800000000    -0.777800000000    -0.777800000000    12.000000000000
         C            0.777800000000    -0.777800000000     0.777800000000    12.000000000000
         C            0.777800000000     0.777800000000    -0.777800000000    12.000000000000
         C            0.777800000000     0.777800000000     0.777800000000    12.000000000000
         F           -1.581200000000    -1.581200000000    -1.581200000000    18.998403162730
         F           -1.581200000000    -1.581200000000     1.581200000000    18.998403162730
         F           -1.581200000000     1.581200000000    -1.581200000000    18.998403162730
         F           -1.581200000000     1.581200000000     1.581200000000    18.998403162730
         F            1.581200000000    -1.581200000000    -1.581200000000    18.998403162730
         F            1.581200000000    -1.581200000000     1.581200000000    18.998403162730
         F            1.581200000000     1.581200000000    -1.581200000000    18.998403162730
         F            1.581200000000     1.581200000000     1.581200000000    18.998403162730

  Running in c1 symmetry.

  Rotational constants: A =      0.01924  B =      0.01924  C =      0.01924 [cm^-1]
  Rotational constants: A =    576.81810  B =    576.81810  C =    576.81810 [MHz]
  Nuclear repulsion = 1270.127393292932766

  Charge       = -1
  Multiplicity = 2
  Electrons    = 121
  Nalpha       = 61
  Nbeta        = 60

  ==> Algorithm <==

  SCF Algorithm Type is DF.
  DIIS enabled.
  MOM disabled.
  Fractional occupation disabled.
  Guess Type is SAD.
  Energy threshold   = 1.00e-10
  Density threshold  = 1.00e-08
  Integral threshold = 1.00e-12

  ==> Primary Basis <==

  Basis Set: AUG-CC-PVDZ
    Blend: AUG-CC-PVDZ
    Number of shells: 144
    Number of basis functions: 368
    Number of Cartesian functions: 400
    Spherical Harmonics?: true
    Max angular momentum: 2

   => Loading Basis Set <=

    Name: (AUG-CC-PVDZ AUX)
    Role: JKFIT
    Keyword: DF_BASIS_SCF
    atoms 1-8  entry C          line   154 file /opt/anaconda3/envs/psi4/share/psi4/basis/aug-cc-pvdz-jkfit.gbs 
    atoms 9-16 entry F          line   328 file /opt/anaconda3/envs/psi4/share/psi4/basis/aug-cc-pvdz-jkfit.gbs 

  **PSI4:PCMSOLVER Interface Active**

-----------------------------------------------------------------------
   PCMSolver: An Open Source API for the Polarizable Continuum Model
                   PCMSolver 1.2.3+zzzzzzz

           Git: Branch {}, Revision {zzzzzzz}

 R. Di Remigio, A. H. Steindal, K. Mozgawa, V. Weijo, H. Cao, and
 L. Frediani, Int. J. Quantum Chem., 2019, 119 (1), e25685.

 Source repository: https://github.com/PCMSolver/pcmsolver
 Documentation: https://pcmsolver.readthedocs.io/
 PCMSolver initialized on: Wednesday, 22 April 2026 05:24 PM
-----------------------------------------------------------------------

~~~~~~~~~~ PCMSolver ~~~~~~~~~~
Using CODATA 2010 set of constants.
Input parsing done API-side
========== Cavity 
Atomic radii set: 
Cavity type: GePol
Average tesserae area = 0.0840086 Ang^2
Solvent probe radius = 2.9 Ang
Number of spheres = 16 [initial = 16; added = 0]
Number of finite elements = 3546 (26 pruned)
Number of irreducible finite elements = 3546
============ Spheres list (in Angstrom)
 Sphere   on   Radius   Alpha       X            Y            Z     
-------- ---- -------- ------- -----------  -----------  -----------
   1      C    1.9255   1.20     -0.777800     -0.777800     -0.777800
   2      C    1.9255   1.20     -0.777800     -0.777800     0.777800
   3      C    1.9255   1.20     -0.777800     0.777800     -0.777800
   4      C    1.9255   1.20     -0.777800     0.777800     0.777800
   5      C    1.9255   1.20     0.777800     -0.777800     -0.777800
   6      C    1.9255   1.20     0.777800     -0.777800     0.777800
   7      C    1.9255   1.20     0.777800     0.777800     -0.777800
   8      C    1.9255   1.20     0.777800     0.777800     0.777800
   9      F    1.6820   1.20     -1.581200     -1.581200     -1.581200
  10      F    1.6820   1.20     -1.581200     -1.581200     1.581200
  11      F    1.6820   1.20     -1.581200     1.581200     -1.581200
  12      F    1.6820   1.20     -1.581200     1.581200     1.581200
  13      F    1.6820   1.20     1.581200     -1.581200     -1.581200
  14      F    1.6820   1.20     1.581200     -1.581200     1.581200
  15      F    1.6820   1.20     1.581200     1.581200     -1.581200
  16      F    1.6820   1.20     1.581200     1.581200     1.581200
========== Static solver 
Solver Type: IEFPCM, isotropic
PCM matrix hermitivitized
============ Medium 
Medium initialized from solvent built-in data.
Solvent name:          Tetrahydrofurane
Static  permittivity = 7.58
Optical permittivity = 1.97
Solvent radius =       2.90 Ang
.... Inside 
Green's function type: vacuum
.... Outside 
Green's function type: uniform dielectric
Permittivity = 7.58

  ==> Integral Setup <==

  DFHelper Memory: AOs need 1.378 GiB; user supplied 1.397 GiB. 
  SCF_SUBTYPE=INCORE selected. In-core MEM_DF algorithm will be used.
  Using in-core AOs.

  ==> MemDFJK: Density-Fitted J/K Matrices <==

    J tasked:                   Yes
    K tasked:                   Yes
    wK tasked:                   No
    OpenMP threads:               2
    Memory [MiB]:              1430
    Algorithm:                 Core
    Schwarz Cutoff:           1E-12
    Mask sparsity (%):       3.4322
    Fitting Condition:        1E-10

   => Auxiliary Basis Set <=

  Basis Set: (AUG-CC-PVDZ AUX)
    Blend: AUG-CC-PVDZ-JKFIT
    Number of shells: 448
    Number of basis functions: 1376
    Number of Cartesian functions: 1616
    Spherical Harmonics?: true
    Max angular momentum: 3

  Minimum eigenvalue in the overlap matrix is 2.5890583989E-06.
  Reciprocal condition number of the overlap matrix is 1.5648417256E-07.
    Using symmetric orthogonalization.

  ==> Pre-Iterations <==

  SCF Guess: Superposition of Atomic Densities via on-the-fly atomic UHF (no occupation information).

   -------------------------
    Irrep   Nso     Nmo    
   -------------------------
     A        368     368 
   -------------------------
    Total     368     368
   -------------------------

  ==> Iterations <==

                           Total Energy        Delta E     RMS |[F,P]|

   @DF-UHF iter SAD: -1113.75225445512410   -1.11375e+03   0.00000e+00 
   @DF-UHF iter   1: -1055.42421671917441    5.83280e+01   1.87080e-02 ADIIS/DIIS
   @DF-UHF iter   2:  -889.12931957852595    1.66295e+02   5.37014e-02 ADIIS/DIIS
   @DF-UHF iter   3: -1094.05293580722150   -2.04924e+02   8.73873e-03 ADIIS/DIIS
   @DF-UHF iter   4: -1097.46636249796779   -3.41343e+00   3.79197e-03 ADIIS/DIIS
   @DF-UHF iter   5: -1098.24391482829424   -7.77552e-01   1.16420e-03 ADIIS/DIIS
   @DF-UHF iter   6: -1098.34019561432319   -9.62808e-02   1.27488e-04 ADIIS/DIIS
   @DF-UHF iter   7: -1098.34236775871068   -2.17214e-03   3.24714e-05 DIIS
   @DF-UHF iter   8: -1098.34261583966440   -2.48081e-04   1.18589e-05 DIIS
   @DF-UHF iter   9: -1098.34264819883379   -3.23592e-05   5.74804e-06 DIIS
   @DF-UHF iter  10: -1098.34265783467481   -9.63584e-06   3.19019e-06 DIIS
   @DF-UHF iter  11: -1098.34266056587626   -2.73120e-06   1.42339e-06 DIIS
   @DF-UHF iter  12: -1098.34266105886309   -4.92987e-07   4.17569e-07 DIIS
   @DF-UHF iter  13: -1098.34266109967871   -4.08156e-08   1.32873e-07 DIIS
   @DF-UHF iter  14: -1098.34266110584508   -6.16637e-09   5.32461e-08 DIIS
   @DF-UHF iter  15: -1098.34266110666090   -8.15817e-10   2.51894e-08 DIIS
   @DF-UHF iter  16: -1098.34266110678027   -1.19371e-10   3.97005e-09 DIIS
   @DF-UHF iter  17: -1098.34266110678595   -5.68434e-12   1.07859e-09 DIIS
  Energy and wave function converged.


  ==> Post-Iterations <==

   @Spin Contamination Metric:   6.445216912E-03
   @S^2 Expected:                7.500000000E-01
   @S^2 Observed:                7.564452169E-01
   @S   Expected:                5.000000000E-01
   @S   Observed:                5.000000000E-01

    Orbital Energies [Eh]
    ---------------------

    Alpha Occupied:                                                       

       1A    -26.307368     2A    -26.307368     3A    -26.307352  
       4A    -26.307351     5A    -26.307348     6A    -26.307347  
       7A    -26.307332     8A    -26.307332     9A    -11.343024  
      10A    -11.342490    11A    -11.342488    12A    -11.342487  
      13A    -11.341968    14A    -11.341966    15A    -11.341964  
      16A    -11.341415    17A     -1.614816    18A     -1.607214  
      19A     -1.607200    20A     -1.607186    21A     -1.602277  
      22A     -1.602263    23A     -1.602250    24A     -1.598230  
      25A     -1.319731    26A     -1.030440    27A     -1.030436  
      28A     -1.030430    29A     -0.830573    30A     -0.830563  
      31A     -0.830556    32A     -0.789478    33A     -0.763862  
      34A     -0.753325    35A     -0.753316    36A     -0.722894  
      37A     -0.722884    38A     -0.722875    39A     -0.698286  
      40A     -0.698278    41A     -0.698265    42A     -0.675475  
      43A     -0.675470    44A     -0.675464    45A     -0.650517  
      46A     -0.650511    47A     -0.650501    48A     -0.648672  
      49A     -0.648666    50A     -0.648661    51A     -0.647193  
      52A     -0.647187    53A     -0.553563    54A     -0.553559  
      55A     -0.514895    56A     -0.514892    57A     -0.514890  
      58A     -0.403154    59A     -0.403150    60A     -0.403144  
      61A     -0.145000  

    Alpha Virtual:                                                        

      62A      0.078289    63A      0.078299    64A      0.078314  
      65A      0.097266    66A      0.097274    67A      0.097287  
      68A      0.102973    69A      0.119103    70A      0.138869  
      71A      0.138877    72A      0.155879    73A      0.155891  
      74A      0.155912    75A      0.163471    76A      0.163479  
      77A      0.163482    78A      0.183986    79A      0.183993  
      80A      0.184003    81A      0.200989    82A      0.200997  
      83A      0.201005    84A      0.203015    85A      0.203020  
      86A      0.203032    87A      0.223227    88A      0.223229  
      89A      0.270817    90A      0.270841    91A      0.270879  
      92A      0.286294    93A      0.286298    94A      0.286303  
      95A      0.297681    96A      0.307162    97A      0.342743  
      98A      0.358507    99A      0.358512   100A      0.358518  
     101A      0.361846   102A      0.361942   103A      0.381954  
     104A      0.381977   105A      0.382004   106A      0.405286  
     107A      0.405291   108A      0.405295   109A      0.409564  
     110A      0.409599   111A      0.409652   112A      0.417036  
     113A      0.417040   114A      0.417043   115A      0.427598  
     116A      0.427626   117A      0.427670   118A      0.443111  
     119A      0.454231   120A      0.454239   121A      0.464617  
     122A      0.464620   123A      0.464637   124A      0.466286  
     125A      0.466292   126A      0.466301   127A      0.500512  
     128A      0.500520   129A      0.500526   130A      0.501162  
     131A      0.501181   132A      0.552353   133A      0.552364  
     134A      0.552386   135A      0.554963   136A      0.573965  
     137A      0.575412   138A      0.575422   139A      0.575437  
     140A      0.613397   141A      0.613400   142A      0.635991  
     143A      0.636037   144A      0.695209   145A      0.699647  
     146A      0.699659   147A      0.699665   148A      0.706137  
     149A      0.706153   150A      0.706178   151A      0.706283  
     152A      0.706316   153A      0.706358   154A      0.725861  
     155A      0.725866   156A      0.725869   157A      0.731464  
     158A      0.731480   159A      0.731490   160A      0.888618  
     161A      0.888647   162A      0.888690   163A      0.892640  
     164A      0.892657   165A      0.892679   166A      0.903758  
     167A      0.943480   168A      0.943485   169A      0.943492  
     170A      0.946839   171A      0.946853   172A      0.957292  
     173A      0.957302   174A      0.957315   175A      1.038316  
     176A      1.068105   177A      1.072780   178A      1.072802  
     179A      1.072823   180A      1.158646   181A      1.158648  
     182A      1.159024   183A      1.160345   184A      1.160419  
     185A      1.200221   186A      1.200250   187A      1.200290  
     188A      1.232336   189A      1.232356   190A      1.232385  
     191A      1.316625   192A      1.333584   193A      1.333589  
     194A      1.333594   195A      1.350981   196A      1.350990  
     197A      1.350998   198A      1.358959   199A      1.358983  
     200A      1.453161   201A      1.453173   202A      1.453191  
     203A      1.491545   204A      1.491551   205A      1.491556  
     206A      1.528920   207A      1.565340   208A      1.565352  
     209A      1.570042   210A      1.570048   211A      1.570057  
     212A      1.577244   213A      1.577250   214A      1.577255  
     215A      1.581100   216A      1.581104   217A      1.581110  
     218A      1.591328   219A      1.591334   220A      1.683873  
     221A      1.683880   222A      1.686844   223A      1.686850  
     224A      1.686853   225A      1.696004   226A      1.696008  
     227A      1.696018   228A      1.706449   229A      1.706456  
     230A      1.706465   231A      1.720321   232A      1.720331  
     233A      1.720339   234A      1.754491   235A      1.754509  
     236A      1.754536   237A      1.788262   238A      1.788264  
     239A      1.788267   240A      1.819823   241A      1.898910  
     242A      1.898926   243A      1.898942   244A      1.902600  
     245A      1.902614   246A      1.907955   247A      1.907962  
     248A      1.907970   249A      1.911185   250A      1.911189  
     251A      1.911193   252A      1.979860   253A      1.979885  
     254A      1.979921   255A      1.994877   256A      1.994884  
     257A      2.016014   258A      2.070088   259A      2.070093  
     260A      2.070099   261A      2.101477   262A      2.101489  
     263A      2.101506   264A      2.141159   265A      2.141163  
     266A      2.141165   267A      2.251133   268A      2.251141  
     269A      2.251154   270A      2.266318   271A      2.266334  
     272A      2.266805   273A      2.361288   274A      2.361294  
     275A      2.361302   276A      2.374314   277A      2.374321  
     278A      2.374328   279A      2.387619   280A      2.387649  
     281A      2.413452   282A      2.459253   283A      2.459254  
     284A      2.459256   285A      2.503976   286A      2.503996  
     287A      2.566711   288A      2.566722   289A      2.566736  
     290A      2.671371   291A      2.671376   292A      2.671380  
     293A      2.768292   294A      2.768297   295A      2.768300  
     296A      2.799781   297A      2.799787   298A      2.799796  
     299A      2.858382   300A      2.892733   301A      2.892742  
     302A      2.892748   303A      2.902409   304A      2.902415  
     305A      2.902423   306A      2.990541   307A      2.990546  
     308A      3.009632   309A      3.009638   310A      3.009650  
     311A      3.075865   312A      3.111446   313A      3.111464  
     314A      3.357256   315A      3.357263   316A      3.357271  
     317A      3.489702   318A      3.849412   319A      3.849428  
     320A      3.849439   321A      3.891841   322A      3.891856  
     323A      3.891872   324A      3.943897   325A      5.007453  
     326A      5.007456   327A      5.060841   328A      5.060847  
     329A      5.060856   330A      5.064602   331A      5.064608  
     332A      5.064617   333A      5.070756   334A      5.070763  
     335A      5.070769   336A      5.071598   337A      5.071602  
     338A      5.071607   339A      5.083743   340A      5.156878  
     341A      5.156884   342A      5.156889   343A      5.170797  
     344A      5.170803   345A      5.170813   346A      5.181555  
     347A      5.181561   348A      5.197520   349A      5.197527  
     350A      5.197537   351A      5.197976   352A      5.197980  
     353A      5.197987   354A      5.211885   355A      5.211897  
     356A      5.211910   357A      5.299566   358A      5.299568  
     359A      5.299571   360A      5.328768   361A      5.328775  
     362A      5.382525   363A      5.382527   364A      5.436647  
     365A      5.906276   366A      5.906284   367A      5.906289  
     368A      7.736574  

    Beta Occupied:                                                        

       1A    -26.303570     2A    -26.303569     3A    -26.303553  
       4A    -26.303552     5A    -26.303550     6A    -26.303548  
       7A    -26.303534     8A    -26.303532     9A    -11.343251  
      10A    -11.342748    11A    -11.342746    12A    -11.342744  
      13A    -11.342229    14A    -11.342227    15A    -11.342225  
      16A    -11.341673    17A     -1.603391    18A     -1.595623  
      19A     -1.595609    20A     -1.595595    21A     -1.590554  
      22A     -1.590540    23A     -1.590527    24A     -1.586413  
      25A     -1.300716    26A     -1.024897    27A     -1.024893  
      28A     -1.024887    29A     -0.822110    30A     -0.822099  
      31A     -0.822092    32A     -0.767122    33A     -0.750164  
      34A     -0.747733    35A     -0.747725    36A     -0.708197  
      37A     -0.708186    38A     -0.708177    39A     -0.694401  
      40A     -0.694393    41A     -0.694380    42A     -0.669186  
      43A     -0.669180    44A     -0.669174    45A     -0.646868  
      46A     -0.646861    47A     -0.646851    48A     -0.644583  
      49A     -0.644577    50A     -0.644572    51A     -0.643534  
      52A     -0.643528    53A     -0.549288    54A     -0.549284  
      55A     -0.505309    56A     -0.505306    57A     -0.505304  
      58A     -0.399153    59A     -0.399149    60A     -0.399143  

    Beta Virtual:                                                         

      61A      0.057564    62A      0.084886    63A      0.084895  
      64A      0.084908    65A      0.098475    66A      0.098482  
      67A      0.098494    68A      0.119657    69A      0.140122  
      70A      0.142589    71A      0.142597    72A      0.156942  
      73A      0.156954    74A      0.156974    75A      0.165979  
      76A      0.165987    77A      0.165991    78A      0.184597  
      79A      0.184604    80A      0.184614    81A      0.203747  
      82A      0.203752    83A      0.203764    84A      0.219324  
      85A      0.219331    86A      0.219336    87A      0.223507  
      88A      0.223509    89A      0.273732    90A      0.273756  
      91A      0.273793    92A      0.296532    93A      0.296537  
      94A      0.296541    95A      0.300252    96A      0.314626  
      97A      0.350311    98A      0.363909    99A      0.364005  
     100A      0.374258   101A      0.374271   102A      0.374289  
     103A      0.390290   104A      0.390304   105A      0.390320  
     106A      0.408626   107A      0.408631   108A      0.408634  
     109A      0.411681   110A      0.411716   111A      0.411768  
     112A      0.419286   113A      0.419290   114A      0.419292  
     115A      0.429552   116A      0.429581   117A      0.429624  
     118A      0.458874   119A      0.462264   120A      0.462273  
     121A      0.465985   122A      0.465988   123A      0.466005  
     124A      0.467619   125A      0.467624   126A      0.467633  
     127A      0.502088   128A      0.502107   129A      0.516083  
     130A      0.516091   131A      0.516097   132A      0.555929  
     133A      0.555940   134A      0.555961   135A      0.557356  
     136A      0.575757   137A      0.577827   138A      0.577837  
     139A      0.577852   140A      0.614384   141A      0.614387  
     142A      0.639870   143A      0.639916   144A      0.696704  
     145A      0.703594   146A      0.703606   147A      0.703612  
     148A      0.707604   149A      0.707619   150A      0.707644  
     151A      0.708322   152A      0.708354   153A      0.708396  
     154A      0.728621   155A      0.728626   156A      0.728629  
     157A      0.734575   158A      0.734592   159A      0.734601  
     160A      0.889875   161A      0.889904   162A      0.889947  
     163A      0.894317   164A      0.894334   165A      0.894355  
     166A      0.914125   167A      0.947270   168A      0.947276  
     169A      0.947282   170A      0.947671   171A      0.947684  
     172A      0.958558   173A      0.958569   174A      0.958581  
     175A      1.036548   176A      1.074929   177A      1.074950  
     178A      1.074971   179A      1.075575   180A      1.160278  
     181A      1.160280   182A      1.161298   183A      1.161371  
     184A      1.162974   185A      1.201723   186A      1.201752  
     187A      1.201792   188A      1.235712   189A      1.235732  
     190A      1.235761   191A      1.336023   192A      1.336028  
     193A      1.336034   194A      1.337484   195A      1.353409  
     196A      1.353418   197A      1.353426   198A      1.361134  
     199A      1.361157   200A      1.453663   201A      1.453674  
     202A      1.453692   203A      1.493091   204A      1.493097  
     205A      1.493102   206A      1.529962   207A      1.565723  
     208A      1.565734   209A      1.572042   210A      1.572048  
     211A      1.572057   212A      1.579374   213A      1.579380  
     214A      1.579385   215A      1.582195   216A      1.582200  
     217A      1.582206   218A      1.593287   219A      1.593293  
     220A      1.687318   221A      1.687326   222A      1.688584  
     223A      1.688589   224A      1.688593   225A      1.699526  
     226A      1.699532   227A      1.699542   228A      1.706705  
     229A      1.706711   230A      1.706720   231A      1.725117  
     232A      1.725126   233A      1.725134   234A      1.757720  
     235A      1.757738   236A      1.757766   237A      1.790309  
     238A      1.790311   239A      1.790315   240A      1.826677  
     241A      1.902843   242A      1.902859   243A      1.902875  
     244A      1.904228   245A      1.904242   246A      1.913424  
     247A      1.913430   248A      1.913438   249A      1.914548  
     250A      1.914552   251A      1.914557   252A      1.981240  
     253A      1.981265   254A      1.981300   255A      1.996140  
     256A      1.996147   257A      2.019969   258A      2.073248  
     259A      2.073252   260A      2.073258   261A      2.102790  
     262A      2.102803   263A      2.102819   264A      2.143517  
     265A      2.143521   266A      2.143523   267A      2.252330  
     268A      2.252338   269A      2.252351   270A      2.267869  
     271A      2.267885   272A      2.269964   273A      2.363550  
     274A      2.363556   275A      2.363564   276A      2.377090  
     277A      2.377096   278A      2.377104   279A      2.389110  
     280A      2.389139   281A      2.421905   282A      2.462006  
     283A      2.462008   284A      2.462009   285A      2.505359  
     286A      2.505379   287A      2.567221   288A      2.567231  
     289A      2.567245   290A      2.675004   291A      2.675010  
     292A      2.675013   293A      2.770078   294A      2.770084  
     295A      2.770087   296A      2.800780   297A      2.800786  
     298A      2.800794   299A      2.864848   300A      2.895474  
     301A      2.895483   302A      2.895489   303A      2.903727  
     304A      2.903733   305A      2.903741   306A      2.991002  
     307A      2.991008   308A      3.010353   309A      3.010360  
     310A      3.010372   311A      3.076987   312A      3.112017  
     313A      3.112035   314A      3.361675   315A      3.361682  
     316A      3.361689   317A      3.495505   318A      3.854626  
     319A      3.854642   320A      3.854653   321A      3.896714  
     322A      3.896728   323A      3.896744   324A      3.948341  
     325A      5.010331   326A      5.010334   327A      5.063631  
     328A      5.063638   329A      5.063648   330A      5.067310  
     331A      5.067317   332A      5.067326   333A      5.074166  
     334A      5.074173   335A      5.074179   336A      5.076897  
     337A      5.076902   338A      5.076906   339A      5.091210  
     340A      5.161582   341A      5.161588   342A      5.161593  
     343A      5.176067   344A      5.176074   345A      5.176083  
     346A      5.186727   347A      5.186732   348A      5.202486  
     349A      5.202491   350A      5.202498   351A      5.202712  
     352A      5.202718   353A      5.202728   354A      5.218678  
     355A      5.218690   356A      5.218704   357A      5.303236  
     358A      5.303238   359A      5.303242   360A      5.334591  
     361A      5.334598   362A      5.384369   363A      5.384371  
     364A      5.442382   365A      5.910286   366A      5.910294  
     367A      5.910299   368A      7.738576  

    Final Occupation by Irrep:
              A 
    DOCC [    60 ]
    SOCC [     1 ]
    NA   [    61 ]
    NB   [    60 ]

  @DF-UHF Final Energy: -1098.34266110678595

   => Energetics <=

    Nuclear Repulsion Energy =           1270.1273932929327657
    One-Electron Energy =               -4071.6349887289798062
    Two-Electron Energy =                1703.2200095959697137
    PCM Polarization Energy =              -0.0550752667084735
    Total Energy =                      -1098.3426611067859540

  UHF NO Occupations:
  HONO-2 :   59  A 1.9995851
  HONO-1 :   60  A 1.9995851
  HONO-0 :   61  A 1.0000000
  LUNO+0 :   62  A 0.0004149
  LUNO+1 :   63  A 0.0004149
  LUNO+2 :   64  A 0.0004148
  LUNO+3 :   65  A 0.0003785


Computation Completed


Properties will be evaluated at   0.000000,   0.000000,   0.000000 [a0]

Properties computed using the SCF density matrix


 Multipole Moments:

 ------------------------------------------------------------------------------------
     Multipole            Electronic (a.u.)      Nuclear  (a.u.)        Total (a.u.)
 ------------------------------------------------------------------------------------

 L = 1.  Multiply by 2.5417464519 to convert [e a0] to [Debye]
 Dipole X            :          0.0000000            0.0000000            0.0000000
 Dipole Y            :         -0.0000000            0.0000000           -0.0000000
 Dipole Z            :         -0.0000000           -0.0000000           -0.0000000
 Magnitude           :                                                    0.0000000

 ------------------------------------------------------------------------------------

*** tstop() called on BADWLRZ-CM14276 at Wed Apr 22 17:28:19 2026
Module time:
	user time   =     460.69 seconds =       7.68 minutes
	system time =       9.52 seconds =       0.16 minutes
	total time  =        266 seconds =       4.43 minutes
Total time:
	user time   =     460.69 seconds =       7.68 minutes
	system time =       9.52 seconds =       0.16 minutes
	total time  =        266 seconds =       4.43 minutes


Properties will be evaluated at   0.000000,   0.000000,   0.000000 [a0]
OEProp: No title given, name of density matrix used for the following properties is 'SCF alpha density'

 Multipole Moments:

 ------------------------------------------------------------------------------------
     Multipole            Electronic (a.u.)      Nuclear  (a.u.)        Total (a.u.)
 ------------------------------------------------------------------------------------

 L = 1.  Multiply by 2.5417464519 to convert [e a0] to [Debye]
 Dipole X            :          0.0000000            0.0000000            0.0000000
 Dipole Y            :         -0.0000000            0.0000000           -0.0000000
 Dipole Z            :         -0.0000000           -0.0000000           -0.0000000
 Magnitude           :                                                    0.0000000

 ------------------------------------------------------------------------------------
