
  Memory set to   1.863 GiB by Python driver.
  Threads set to 2 by Python driver.

Scratch directory: /tmp/
   => Libint2 <=

    Primary   basis highest AM E, G, H:  6, 6, 3
    Auxiliary basis highest AM E, G, H:  7, 7, 4
    Onebody   basis highest AM E, G, H:  -, -, -
    Solid Harmonics ordering:            Gaussian

*** tstart() called on BADWLRZ-CM14276
*** at Wed Apr 22 17:22:49 2026

   => Loading Basis Set <=

    Name: AUG-CC-PVDZ
    Role: ORBITAL
    Keyword: BASIS
    atoms 1-8  entry C          line   182 file /opt/anaconda3/envs/psi4/share/psi4/basis/aug-cc-pvdz.gbs 
    atoms 9-16 entry F          line   290 file /opt/anaconda3/envs/psi4/share/psi4/basis/aug-cc-pvdz.gbs 


         ---------------------------------------------------------
                                   SCF
               by Justin Turney, Rob Parrish, Andy Simmonett
                          and Daniel G. A. Smith
                              RHF Reference
                        2 Threads,   1907 MiB Core
         ---------------------------------------------------------

  ==> Geometry <==

    Molecular point group: c1
    Full point group: Oh

    Geometry (in Angstrom), charge = 0, multiplicity = 1:

       Center              X                  Y                   Z               Mass       
    ------------   -----------------  -----------------  -----------------  -----------------
         C           -0.777800000000    -0.777800000000    -0.777800000000    12.000000000000
         C           -0.777800000000    -0.777800000000     0.777800000000    12.000000000000
         C           -0.777800000000     0.777800000000    -0.777800000000    12.000000000000
         C           -0.777800000000     0.777800000000     0.777800000000    12.000000000000
         C            0.777800000000    -0.777800000000    -0.777800000000    12.000000000000
         C            0.777800000000    -0.777800000000     0.777800000000    12.000000000000
         C            0.777800000000     0.777800000000    -0.777800000000    12.000000000000
         C            0.777800000000     0.777800000000     0.777800000000    12.000000000000
         F           -1.581200000000    -1.581200000000    -1.581200000000    18.998403162730
         F           -1.581200000000    -1.581200000000     1.581200000000    18.998403162730
         F           -1.581200000000     1.581200000000    -1.581200000000    18.998403162730
         F           -1.581200000000     1.581200000000     1.581200000000    18.998403162730
         F            1.581200000000    -1.581200000000    -1.581200000000    18.998403162730
         F            1.581200000000    -1.581200000000     1.581200000000    18.998403162730
         F            1.581200000000     1.581200000000    -1.581200000000    18.998403162730
         F            1.581200000000     1.581200000000     1.581200000000    18.998403162730

  Running in c1 symmetry.

  Rotational constants: A =      0.01924  B =      0.01924  C =      0.01924 [cm^-1]
  Rotational constants: A =    576.81810  B =    576.81810  C =    576.81810 [MHz]
  Nuclear repulsion = 1270.127393292932766

  Charge       = 0
  Multiplicity = 1
  Electrons    = 120
  Nalpha       = 60
  Nbeta        = 60

  ==> Algorithm <==

  SCF Algorithm Type is DF.
  DIIS enabled.
  MOM disabled.
  Fractional occupation disabled.
  Guess Type is SAD.
  Energy threshold   = 1.00e-10
  Density threshold  = 1.00e-08
  Integral threshold = 1.00e-12

  ==> Primary Basis <==

  Basis Set: AUG-CC-PVDZ
    Blend: AUG-CC-PVDZ
    Number of shells: 144
    Number of basis functions: 368
    Number of Cartesian functions: 400
    Spherical Harmonics?: true
    Max angular momentum: 2

   => Loading Basis Set <=

    Name: (AUG-CC-PVDZ AUX)
    Role: JKFIT
    Keyword: DF_BASIS_SCF
    atoms 1-8  entry C          line   154 file /opt/anaconda3/envs/psi4/share/psi4/basis/aug-cc-pvdz-jkfit.gbs 
    atoms 9-16 entry F          line   328 file /opt/anaconda3/envs/psi4/share/psi4/basis/aug-cc-pvdz-jkfit.gbs 

  ==> Integral Setup <==

  DFHelper Memory: AOs need 1.378 GiB; user supplied 1.397 GiB. 
  SCF_SUBTYPE=INCORE selected. In-core MEM_DF algorithm will be used.
  Using in-core AOs.

  ==> MemDFJK: Density-Fitted J/K Matrices <==

    J tasked:                   Yes
    K tasked:                   Yes
    wK tasked:                   No
    OpenMP threads:               2
    Memory [MiB]:              1430
    Algorithm:                 Core
    Schwarz Cutoff:           1E-12
    Mask sparsity (%):       3.4322
    Fitting Condition:        1E-10

   => Auxiliary Basis Set <=

  Basis Set: (AUG-CC-PVDZ AUX)
    Blend: AUG-CC-PVDZ-JKFIT
    Number of shells: 448
    Number of basis functions: 1376
    Number of Cartesian functions: 1616
    Spherical Harmonics?: true
    Max angular momentum: 3

  Minimum eigenvalue in the overlap matrix is 2.5890583989E-06.
  Reciprocal condition number of the overlap matrix is 1.5648417256E-07.
    Using symmetric orthogonalization.

  ==> Pre-Iterations <==

  SCF Guess: Superposition of Atomic Densities via on-the-fly atomic UHF (no occupation information).

   -------------------------
    Irrep   Nso     Nmo    
   -------------------------
     A        368     368 
   -------------------------
    Total     368     368
   -------------------------

  ==> Iterations <==

                           Total Energy        Delta E     RMS |[F,P]|

   @DF-RHF iter SAD: -1096.35618818361559   -1.09636e+03   0.00000e+00 
   @DF-RHF iter   1:  -933.12604015777310    1.63230e+02   3.02577e-02 DIIS/ADIIS
   @DF-RHF iter   2:  -869.44164388952618    6.36844e+01   4.91447e-02 DIIS/ADIIS
   @DF-RHF iter   3: -1070.87693911812244   -2.01435e+02   2.24402e-02 DIIS/ADIIS
   @DF-RHF iter   4: -1090.16403818468461   -1.92871e+01   1.29162e-02 DIIS/ADIIS
   @DF-RHF iter   5: -1097.93408288493720   -7.77004e+00   2.10361e-03 DIIS/ADIIS
   @DF-RHF iter   6: -1098.25371413246876   -3.19631e-01   5.17948e-04 DIIS/ADIIS
   @DF-RHF iter   7: -1098.27044232184176   -1.67282e-02   2.16367e-04 DIIS/ADIIS
   @DF-RHF iter   8: -1098.27312247308714   -2.68015e-03   3.86195e-05 DIIS
   @DF-RHF iter   9: -1098.27326015180006   -1.37679e-04   1.22124e-05 DIIS
   @DF-RHF iter  10: -1098.27327614354908   -1.59917e-05   3.47378e-06 DIIS
   @DF-RHF iter  11: -1098.27327775590743   -1.61236e-06   1.15830e-06 DIIS
   @DF-RHF iter  12: -1098.27327788216530   -1.26258e-07   2.83656e-07 DIIS
   @DF-RHF iter  13: -1098.27327789230822   -1.01429e-08   4.75163e-08 DIIS
   @DF-RHF iter  14: -1098.27327789249716   -1.88948e-10   7.93578e-09 DIIS
   @DF-RHF iter  15: -1098.27327789250307   -5.91172e-12   1.90448e-09 DIIS
  Energy and wave function converged.


  ==> Post-Iterations <==

    Orbital Energies [Eh]
    ---------------------

    Doubly Occupied:                                                      

       1A    -26.379315     2A    -26.379315     3A    -26.379314  
       4A    -26.379314     5A    -26.379311     6A    -26.379311  
       7A    -26.379311     8A    -26.379303     9A    -11.423259  
      10A    -11.422753    11A    -11.422753    12A    -11.422753  
      13A    -11.422231    14A    -11.422231    15A    -11.422231  
      16A    -11.421672    17A     -1.676790    18A     -1.668313  
      19A     -1.668313    20A     -1.668313    21A     -1.663044  
      22A     -1.663044    23A     -1.663044    24A     -1.658804  
      25A     -1.397163    26A     -1.111874    27A     -1.111874  
      28A     -1.111874    29A     -0.895972    30A     -0.895972  
      31A     -0.895972    32A     -0.840390    33A     -0.825155  
      34A     -0.825155    35A     -0.819229    36A     -0.781294  
      37A     -0.781294    38A     -0.781294    39A     -0.765389  
      40A     -0.765389    41A     -0.765389    42A     -0.738851  
      43A     -0.738851    44A     -0.738851    45A     -0.715605  
      46A     -0.715605    47A     -0.715605    48A     -0.714211  
      49A     -0.714211    50A     -0.714211    51A     -0.712240  
      52A     -0.712240    53A     -0.625851    54A     -0.625851  
      55A     -0.585658    56A     -0.585658    57A     -0.585658  
      58A     -0.480218    59A     -0.480218    60A     -0.480218  

    Virtual:                                                              

      61A      0.002858    62A      0.062852    63A      0.062852  
      64A      0.062853    65A      0.083525    66A      0.083525  
      67A      0.083525    68A      0.092971    69A      0.106802  
      70A      0.113214    71A      0.113214    72A      0.134766  
      73A      0.134766    74A      0.134766    75A      0.139226  
      76A      0.139226    77A      0.139226    78A      0.165634  
      79A      0.165634    80A      0.165634    81A      0.169566  
      82A      0.169566    83A      0.169566    84A      0.184955  
      85A      0.184955    86A      0.184955    87A      0.209690  
      88A      0.209690    89A      0.233446    90A      0.233446  
      91A      0.233446    92A      0.247847    93A      0.247848  
      94A      0.247848    95A      0.267336    96A      0.276046  
      97A      0.323375    98A      0.323375    99A      0.323375  
     100A      0.325143   101A      0.330498   102A      0.330498  
     103A      0.330498   104A      0.334378   105A      0.334378  
     106A      0.351194   107A      0.351194   108A      0.351194  
     109A      0.380767   110A      0.380767   111A      0.380767  
     112A      0.388747   113A      0.388747   114A      0.388747  
     115A      0.391264   116A      0.392900   117A      0.392900  
     118A      0.392900   119A      0.397629   120A      0.397629  
     121A      0.439263   122A      0.439263   123A      0.439263  
     124A      0.441320   125A      0.441320   126A      0.441320  
     127A      0.454372   128A      0.454372   129A      0.454372  
     130A      0.474998   131A      0.474998   132A      0.510040  
     133A      0.510040   134A      0.510040   135A      0.514356  
     136A      0.514356   137A      0.514356   138A      0.532024  
     139A      0.538047   140A      0.538245   141A      0.538245  
     142A      0.573037   143A      0.573037   144A      0.651682  
     145A      0.651682   146A      0.651682   147A      0.653321  
     148A      0.653321   149A      0.653321   150A      0.655774  
     151A      0.655775   152A      0.655775   153A      0.663784  
     154A      0.674039   155A      0.674039   156A      0.674039  
     157A      0.674546   158A      0.674546   159A      0.674546  
     160A      0.833327   161A      0.833327   162A      0.833327  
     163A      0.833549   164A      0.833549   165A      0.833549  
     166A      0.838662   167A      0.880508   168A      0.880508  
     169A      0.880508   170A      0.898085   171A      0.898085  
     172A      0.899645   173A      0.899645   174A      0.899645  
     175A      0.951015   176A      1.014683   177A      1.020940  
     178A      1.020940   179A      1.020940   180A      1.085931  
     181A      1.085931   182A      1.107049   183A      1.113039  
     184A      1.113039   185A      1.147168   186A      1.147168  
     187A      1.147168   188A      1.177341   189A      1.177341  
     190A      1.177341   191A      1.250993   192A      1.264122  
     193A      1.264122   194A      1.264122   195A      1.291192  
     196A      1.291192   197A      1.297906   198A      1.297906  
     199A      1.297906   200A      1.389613   201A      1.389613  
     202A      1.389613   203A      1.424445   204A      1.424445  
     205A      1.424446   206A      1.482142   207A      1.503895  
     208A      1.503895   209A      1.509259   210A      1.509259  
     211A      1.509259   212A      1.522261   213A      1.522262  
     214A      1.522262   215A      1.523912   216A      1.523912  
     217A      1.523912   218A      1.526286   219A      1.526286  
     220A      1.623207   221A      1.623207   222A      1.623207  
     223A      1.630884   224A      1.630884   225A      1.630884  
     226A      1.631225   227A      1.631225   228A      1.648796  
     229A      1.648796   230A      1.648796   231A      1.659407  
     232A      1.659407   233A      1.659407   234A      1.695838  
     235A      1.695838   236A      1.695838   237A      1.719519  
     238A      1.719519   239A      1.719519   240A      1.770114  
     241A      1.832277   242A      1.832277   243A      1.843621  
     244A      1.843621   245A      1.843621   246A      1.853783  
     247A      1.853784   248A      1.853784   249A      1.857375  
     250A      1.857375   251A      1.857375   252A      1.923331  
     253A      1.923331   254A      1.923331   255A      1.939859  
     256A      1.939859   257A      1.967661   258A      2.002687  
     259A      2.002687   260A      2.002687   261A      2.031041  
     262A      2.031041   263A      2.031041   264A      2.070507  
     265A      2.070507   266A      2.070507   267A      2.183626  
     268A      2.183626   269A      2.183626   270A      2.207885  
     271A      2.208197   272A      2.208197   273A      2.292574  
     274A      2.292574   275A      2.292574   276A      2.301143  
     277A      2.301143   278A      2.301143   279A      2.319187  
     280A      2.319187   281A      2.335138   282A      2.382107  
     283A      2.382107   284A      2.382107   285A      2.434638  
     286A      2.434638   287A      2.491767   288A      2.491767  
     289A      2.491767   290A      2.594092   291A      2.594092  
     292A      2.594092   293A      2.698142   294A      2.698142  
     295A      2.698142   296A      2.729614   297A      2.729614  
     298A      2.729614   299A      2.790067   300A      2.826344  
     301A      2.826344   302A      2.826344   303A      2.834380  
     304A      2.834380   305A      2.834380   306A      2.918039  
     307A      2.918039   308A      2.940273   309A      2.940273  
     310A      2.940273   311A      3.001963   312A      3.041647  
     313A      3.041647   314A      3.283695   315A      3.283695  
     316A      3.283695   317A      3.423424   318A      3.788336  
     319A      3.788336   320A      3.788337   321A      3.831931  
     322A      3.831931   323A      3.831931   324A      3.887472  
     325A      4.945039   326A      4.945039   327A      4.998546  
     328A      4.998546   329A      4.998546   330A      5.002291  
     331A      5.002291   332A      5.002291   333A      5.007972  
     334A      5.007973   335A      5.007973   336A      5.008778  
     337A      5.008778   338A      5.008778   339A      5.023291  
     340A      5.095458   341A      5.095458   342A      5.095458  
     343A      5.109485   344A      5.109485   345A      5.109485  
     346A      5.120000   347A      5.120000   348A      5.136038  
     349A      5.136038   350A      5.136038   351A      5.136170  
     352A      5.136170   353A      5.136170   354A      5.150942  
     355A      5.150943   356A      5.150943   357A      5.237898  
     358A      5.237898   359A      5.237898   360A      5.267138  
     361A      5.267138   362A      5.321260   363A      5.321260  
     364A      5.374431   365A      5.839776   366A      5.839777  
     367A      5.839777   368A      7.671388  

    Final Occupation by Irrep:
              A 
    DOCC [    60 ]
    NA   [    60 ]
    NB   [    60 ]

  @DF-RHF Final Energy: -1098.27327789250307

   => Energetics <=

    Nuclear Repulsion Energy =           1270.1273932929327657
    One-Electron Energy =               -4049.8122821877041133
    Two-Electron Energy =                1681.4116110022685007
    Total Energy =                      -1098.2732778925030743

Computation Completed


Properties will be evaluated at   0.000000,   0.000000,   0.000000 [a0]

Properties computed using the SCF density matrix


 Multipole Moments:

 ------------------------------------------------------------------------------------
     Multipole            Electronic (a.u.)      Nuclear  (a.u.)        Total (a.u.)
 ------------------------------------------------------------------------------------

 L = 1.  Multiply by 2.5417464519 to convert [e a0] to [Debye]
 Dipole X            :          0.0000000            0.0000000            0.0000000
 Dipole Y            :         -0.0000000            0.0000000           -0.0000000
 Dipole Z            :         -0.0000000           -0.0000000           -0.0000000
 Magnitude           :                                                    0.0000000

 ------------------------------------------------------------------------------------

*** tstop() called on BADWLRZ-CM14276 at Wed Apr 22 17:23:06 2026
Module time:
	user time   =      28.29 seconds =       0.47 minutes
	system time =       1.42 seconds =       0.02 minutes
	total time  =         17 seconds =       0.28 minutes
Total time:
	user time   =      28.29 seconds =       0.47 minutes
	system time =       1.42 seconds =       0.02 minutes
	total time  =         17 seconds =       0.28 minutes


Properties will be evaluated at   0.000000,   0.000000,   0.000000 [a0]
OEProp: No title given, name of density matrix used for the following properties is 'SCF density'

 Multipole Moments:

 ------------------------------------------------------------------------------------
     Multipole            Electronic (a.u.)      Nuclear  (a.u.)        Total (a.u.)
 ------------------------------------------------------------------------------------

 L = 1.  Multiply by 2.5417464519 to convert [e a0] to [Debye]
 Dipole X            :          0.0000000            0.0000000            0.0000000
 Dipole Y            :         -0.0000000            0.0000000           -0.0000000
 Dipole Z            :         -0.0000000           -0.0000000           -0.0000000
 Magnitude           :                                                    0.0000000

 ------------------------------------------------------------------------------------

*** tstart() called on BADWLRZ-CM14276
*** at Wed Apr 22 17:23:07 2026

   => Libint2 <=

    Primary   basis highest AM E, G, H:  6, 6, 3
    Auxiliary basis highest AM E, G, H:  7, 7, 4
    Onebody   basis highest AM E, G, H:  -, -, -
    Solid Harmonics ordering:            Gaussian
   => Loading Basis Set <=

    Name: AUG-CC-PVDZ
    Role: ORBITAL
    Keyword: BASIS
    atoms 1-8  entry C          line   182 file /opt/anaconda3/envs/psi4/share/psi4/basis/aug-cc-pvdz.gbs 
    atoms 9-16 entry F          line   290 file /opt/anaconda3/envs/psi4/share/psi4/basis/aug-cc-pvdz.gbs 


         ---------------------------------------------------------
                                   SCF
               by Justin Turney, Rob Parrish, Andy Simmonett
                          and Daniel G. A. Smith
                              RHF Reference
                        2 Threads,   1907 MiB Core
         ---------------------------------------------------------

  ==> Geometry <==

    Molecular point group: c1
    Full point group: Oh

    Geometry (in Angstrom), charge = 0, multiplicity = 1:

       Center              X                  Y                   Z               Mass       
    ------------   -----------------  -----------------  -----------------  -----------------
         C           -0.777800000000    -0.777800000000    -0.777800000000    12.000000000000
         C           -0.777800000000    -0.777800000000     0.777800000000    12.000000000000
         C           -0.777800000000     0.777800000000    -0.777800000000    12.000000000000
         C           -0.777800000000     0.777800000000     0.777800000000    12.000000000000
         C            0.777800000000    -0.777800000000    -0.777800000000    12.000000000000
         C            0.777800000000    -0.777800000000     0.777800000000    12.000000000000
         C            0.777800000000     0.777800000000    -0.777800000000    12.000000000000
         C            0.777800000000     0.777800000000     0.777800000000    12.000000000000
         F           -1.581200000000    -1.581200000000    -1.581200000000    18.998403162730
         F           -1.581200000000    -1.581200000000     1.581200000000    18.998403162730
         F           -1.581200000000     1.581200000000    -1.581200000000    18.998403162730
         F           -1.581200000000     1.581200000000     1.581200000000    18.998403162730
         F            1.581200000000    -1.581200000000    -1.581200000000    18.998403162730
         F            1.581200000000    -1.581200000000     1.581200000000    18.998403162730
         F            1.581200000000     1.581200000000    -1.581200000000    18.998403162730
         F            1.581200000000     1.581200000000     1.581200000000    18.998403162730

  Running in c1 symmetry.

  Rotational constants: A =      0.01924  B =      0.01924  C =      0.01924 [cm^-1]
  Rotational constants: A =    576.81810  B =    576.81810  C =    576.81810 [MHz]
  Nuclear repulsion = 1270.127393292932766

  Charge       = 0
  Multiplicity = 1
  Electrons    = 120
  Nalpha       = 60
  Nbeta        = 60

  ==> Algorithm <==

  SCF Algorithm Type is DF.
  DIIS enabled.
  MOM disabled.
  Fractional occupation disabled.
  Guess Type is SAD.
  Energy threshold   = 1.00e-10
  Density threshold  = 1.00e-08
  Integral threshold = 1.00e-12

  ==> Primary Basis <==

  Basis Set: AUG-CC-PVDZ
    Blend: AUG-CC-PVDZ
    Number of shells: 144
    Number of basis functions: 368
    Number of Cartesian functions: 400
    Spherical Harmonics?: true
    Max angular momentum: 2

   => Loading Basis Set <=

    Name: (AUG-CC-PVDZ AUX)
    Role: JKFIT
    Keyword: DF_BASIS_SCF
    atoms 1-8  entry C          line   154 file /opt/anaconda3/envs/psi4/share/psi4/basis/aug-cc-pvdz-jkfit.gbs 
    atoms 9-16 entry F          line   328 file /opt/anaconda3/envs/psi4/share/psi4/basis/aug-cc-pvdz-jkfit.gbs 

  ==> Integral Setup <==

  DFHelper Memory: AOs need 1.378 GiB; user supplied 1.397 GiB. 
  SCF_SUBTYPE=INCORE selected. In-core MEM_DF algorithm will be used.
  Using in-core AOs.

  ==> MemDFJK: Density-Fitted J/K Matrices <==

    J tasked:                   Yes
    K tasked:                   Yes
    wK tasked:                   No
    OpenMP threads:               2
    Memory [MiB]:              1430
    Algorithm:                 Core
    Schwarz Cutoff:           1E-12
    Mask sparsity (%):       3.4322
    Fitting Condition:        1E-10

   => Auxiliary Basis Set <=

  Basis Set: (AUG-CC-PVDZ AUX)
    Blend: AUG-CC-PVDZ-JKFIT
    Number of shells: 448
    Number of basis functions: 1376
    Number of Cartesian functions: 1616
    Spherical Harmonics?: true
    Max angular momentum: 3

  Minimum eigenvalue in the overlap matrix is 2.5890583989E-06.
  Reciprocal condition number of the overlap matrix is 1.5648417256E-07.
    Using symmetric orthogonalization.

  ==> Pre-Iterations <==

  SCF Guess: Superposition of Atomic Densities via on-the-fly atomic UHF (no occupation information).

   -------------------------
    Irrep   Nso     Nmo    
   -------------------------
     A        368     368 
   -------------------------
    Total     368     368
   -------------------------

  ==> Iterations <==

                           Total Energy        Delta E     RMS |[F,P]|

   @DF-RHF iter SAD: -1096.35618818361627   -1.09636e+03   0.00000e+00 
   @DF-RHF iter   1:  -933.12604019163211    1.63230e+02   3.02577e-02 DIIS/ADIIS
   @DF-RHF iter   2:  -869.44164390989113    6.36844e+01   4.91447e-02 DIIS/ADIIS
   @DF-RHF iter   3: -1070.87693928909903   -2.01435e+02   2.24402e-02 DIIS/ADIIS
   @DF-RHF iter   4: -1090.16403865380107   -1.92871e+01   1.29162e-02 DIIS/ADIIS
   @DF-RHF iter   5: -1097.93408291807373   -7.77004e+00   2.10361e-03 DIIS/ADIIS
   @DF-RHF iter   6: -1098.25371414459664   -3.19631e-01   5.17948e-04 DIIS/ADIIS
   @DF-RHF iter   7: -1098.27044232488879   -1.67282e-02   2.16366e-04 DIIS/ADIIS
   @DF-RHF iter   8: -1098.27312247312216   -2.68015e-03   3.86195e-05 DIIS
   @DF-RHF iter   9: -1098.27326015180574   -1.37679e-04   1.22124e-05 DIIS
   @DF-RHF iter  10: -1098.27327614355045   -1.59917e-05   3.47378e-06 DIIS
   @DF-RHF iter  11: -1098.27327775590834   -1.61236e-06   1.15830e-06 DIIS
   @DF-RHF iter  12: -1098.27327788216530   -1.26257e-07   2.83656e-07 DIIS
   @DF-RHF iter  13: -1098.27327789230799   -1.01427e-08   4.75163e-08 DIIS
   @DF-RHF iter  14: -1098.27327789249603   -1.88038e-10   7.93578e-09 DIIS
   @DF-RHF iter  15: -1098.27327789250307   -7.04858e-12   1.90448e-09 DIIS
  Energy and wave function converged.


  ==> Post-Iterations <==

    Orbital Energies [Eh]
    ---------------------

    Doubly Occupied:                                                      

       1A    -26.379315     2A    -26.379315     3A    -26.379314  
       4A    -26.379314     5A    -26.379311     6A    -26.379311  
       7A    -26.379311     8A    -26.379303     9A    -11.423259  
      10A    -11.422753    11A    -11.422753    12A    -11.422753  
      13A    -11.422231    14A    -11.422231    15A    -11.422231  
      16A    -11.421672    17A     -1.676790    18A     -1.668313  
      19A     -1.668313    20A     -1.668313    21A     -1.663044  
      22A     -1.663044    23A     -1.663044    24A     -1.658804  
      25A     -1.397163    26A     -1.111874    27A     -1.111874  
      28A     -1.111874    29A     -0.895972    30A     -0.895972  
      31A     -0.895972    32A     -0.840390    33A     -0.825155  
      34A     -0.825155    35A     -0.819229    36A     -0.781294  
      37A     -0.781294    38A     -0.781294    39A     -0.765389  
      40A     -0.765389    41A     -0.765389    42A     -0.738851  
      43A     -0.738851    44A     -0.738851    45A     -0.715605  
      46A     -0.715605    47A     -0.715605    48A     -0.714211  
      49A     -0.714211    50A     -0.714211    51A     -0.712240  
      52A     -0.712240    53A     -0.625851    54A     -0.625851  
      55A     -0.585658    56A     -0.585658    57A     -0.585658  
      58A     -0.480218    59A     -0.480218    60A     -0.480218  

    Virtual:                                                              

      61A      0.002858    62A      0.062852    63A      0.062852  
      64A      0.062853    65A      0.083525    66A      0.083525  
      67A      0.083525    68A      0.092971    69A      0.106802  
      70A      0.113214    71A      0.113214    72A      0.134766  
      73A      0.134766    74A      0.134766    75A      0.139226  
      76A      0.139226    77A      0.139226    78A      0.165634  
      79A      0.165634    80A      0.165634    81A      0.169566  
      82A      0.169566    83A      0.169566    84A      0.184955  
      85A      0.184955    86A      0.184955    87A      0.209690  
      88A      0.209690    89A      0.233446    90A      0.233446  
      91A      0.233446    92A      0.247847    93A      0.247848  
      94A      0.247848    95A      0.267336    96A      0.276046  
      97A      0.323375    98A      0.323375    99A      0.323375  
     100A      0.325143   101A      0.330498   102A      0.330498  
     103A      0.330498   104A      0.334378   105A      0.334378  
     106A      0.351194   107A      0.351194   108A      0.351194  
     109A      0.380767   110A      0.380767   111A      0.380767  
     112A      0.388747   113A      0.388747   114A      0.388747  
     115A      0.391264   116A      0.392900   117A      0.392900  
     118A      0.392900   119A      0.397629   120A      0.397629  
     121A      0.439263   122A      0.439263   123A      0.439263  
     124A      0.441320   125A      0.441320   126A      0.441320  
     127A      0.454372   128A      0.454372   129A      0.454372  
     130A      0.474998   131A      0.474998   132A      0.510040  
     133A      0.510040   134A      0.510040   135A      0.514356  
     136A      0.514356   137A      0.514356   138A      0.532024  
     139A      0.538047   140A      0.538245   141A      0.538245  
     142A      0.573037   143A      0.573037   144A      0.651682  
     145A      0.651682   146A      0.651682   147A      0.653321  
     148A      0.653321   149A      0.653321   150A      0.655774  
     151A      0.655775   152A      0.655775   153A      0.663784  
     154A      0.674039   155A      0.674039   156A      0.674039  
     157A      0.674546   158A      0.674546   159A      0.674546  
     160A      0.833327   161A      0.833327   162A      0.833327  
     163A      0.833549   164A      0.833549   165A      0.833549  
     166A      0.838662   167A      0.880508   168A      0.880508  
     169A      0.880508   170A      0.898085   171A      0.898085  
     172A      0.899645   173A      0.899645   174A      0.899645  
     175A      0.951015   176A      1.014683   177A      1.020940  
     178A      1.020940   179A      1.020940   180A      1.085931  
     181A      1.085931   182A      1.107049   183A      1.113039  
     184A      1.113039   185A      1.147168   186A      1.147168  
     187A      1.147168   188A      1.177341   189A      1.177341  
     190A      1.177341   191A      1.250993   192A      1.264122  
     193A      1.264122   194A      1.264122   195A      1.291192  
     196A      1.291192   197A      1.297906   198A      1.297906  
     199A      1.297906   200A      1.389613   201A      1.389613  
     202A      1.389613   203A      1.424445   204A      1.424445  
     205A      1.424446   206A      1.482142   207A      1.503895  
     208A      1.503895   209A      1.509259   210A      1.509259  
     211A      1.509259   212A      1.522261   213A      1.522262  
     214A      1.522262   215A      1.523912   216A      1.523912  
     217A      1.523912   218A      1.526286   219A      1.526286  
     220A      1.623207   221A      1.623207   222A      1.623207  
     223A      1.630884   224A      1.630884   225A      1.630884  
     226A      1.631225   227A      1.631225   228A      1.648796  
     229A      1.648796   230A      1.648796   231A      1.659407  
     232A      1.659407   233A      1.659407   234A      1.695838  
     235A      1.695838   236A      1.695838   237A      1.719519  
     238A      1.719519   239A      1.719519   240A      1.770114  
     241A      1.832277   242A      1.832277   243A      1.843621  
     244A      1.843621   245A      1.843621   246A      1.853783  
     247A      1.853784   248A      1.853784   249A      1.857375  
     250A      1.857375   251A      1.857375   252A      1.923331  
     253A      1.923331   254A      1.923331   255A      1.939859  
     256A      1.939859   257A      1.967661   258A      2.002687  
     259A      2.002687   260A      2.002687   261A      2.031041  
     262A      2.031041   263A      2.031041   264A      2.070507  
     265A      2.070507   266A      2.070507   267A      2.183626  
     268A      2.183626   269A      2.183626   270A      2.207885  
     271A      2.208197   272A      2.208197   273A      2.292574  
     274A      2.292574   275A      2.292574   276A      2.301143  
     277A      2.301143   278A      2.301143   279A      2.319187  
     280A      2.319187   281A      2.335138   282A      2.382107  
     283A      2.382107   284A      2.382107   285A      2.434638  
     286A      2.434638   287A      2.491767   288A      2.491767  
     289A      2.491767   290A      2.594092   291A      2.594092  
     292A      2.594092   293A      2.698142   294A      2.698142  
     295A      2.698142   296A      2.729614   297A      2.729614  
     298A      2.729614   299A      2.790067   300A      2.826344  
     301A      2.826344   302A      2.826344   303A      2.834380  
     304A      2.834380   305A      2.834380   306A      2.918039  
     307A      2.918039   308A      2.940273   309A      2.940273  
     310A      2.940273   311A      3.001963   312A      3.041647  
     313A      3.041647   314A      3.283695   315A      3.283695  
     316A      3.283695   317A      3.423424   318A      3.788336  
     319A      3.788336   320A      3.788337   321A      3.831931  
     322A      3.831931   323A      3.831931   324A      3.887472  
     325A      4.945039   326A      4.945039   327A      4.998546  
     328A      4.998546   329A      4.998546   330A      5.002291  
     331A      5.002291   332A      5.002291   333A      5.007972  
     334A      5.007973   335A      5.007973   336A      5.008778  
     337A      5.008778   338A      5.008778   339A      5.023291  
     340A      5.095458   341A      5.095458   342A      5.095458  
     343A      5.109485   344A      5.109485   345A      5.109485  
     346A      5.120000   347A      5.120000   348A      5.136038  
     349A      5.136038   350A      5.136038   351A      5.136170  
     352A      5.136170   353A      5.136170   354A      5.150942  
     355A      5.150943   356A      5.150943   357A      5.237898  
     358A      5.237898   359A      5.237898   360A      5.267138  
     361A      5.267138   362A      5.321260   363A      5.321260  
     364A      5.374431   365A      5.839776   366A      5.839777  
     367A      5.839777   368A      7.671388  

    Final Occupation by Irrep:
              A 
    DOCC [    60 ]
    NA   [    60 ]
    NB   [    60 ]

  @DF-RHF Final Energy: -1098.27327789250307

   => Energetics <=

    Nuclear Repulsion Energy =           1270.1273932929327657
    One-Electron Energy =               -4049.8122821876968374
    Two-Electron Energy =                1681.4116110022612247
    Total Energy =                      -1098.2732778925030743

Computation Completed


Properties will be evaluated at   0.000000,   0.000000,   0.000000 [a0]

Properties computed using the SCF density matrix


 Multipole Moments:

 ------------------------------------------------------------------------------------
     Multipole            Electronic (a.u.)      Nuclear  (a.u.)        Total (a.u.)
 ------------------------------------------------------------------------------------

 L = 1.  Multiply by 2.5417464519 to convert [e a0] to [Debye]
 Dipole X            :          0.0000000            0.0000000            0.0000000
 Dipole Y            :         -0.0000000            0.0000000           -0.0000000
 Dipole Z            :         -0.0000000           -0.0000000           -0.0000000
 Magnitude           :                                                    0.0000000

 ------------------------------------------------------------------------------------


         ---------------------------------------------------------
                       CPSCF Linear Response Solver               
                 by Marvin Lechner and Daniel G. A. Smith         
         ---------------------------------------------------------

   ==> Requested Responses <==

    Dipole polarizabilities

   ==> Coupled-Perturbed RHF Solver <==

    Maxiter             =         100
    Convergence         =   1.000E-06
    Number of equations =           3
   -----------------------------------------------------
     Iter   Residual RMS      Max RMS  Remain  Time [s]
   -----------------------------------------------------
    Guess      2.092e+00    2.092e+00       3         2
        1      7.366e-01    7.366e-01       3         5
        2      2.074e-01    2.074e-01       3         7
        3      6.277e-02    6.277e-02       3         9
        4      1.880e-02    1.880e-02       3        12
        5      7.553e-03    7.553e-03       3        14
        6      1.283e-03    1.283e-03       3        17
        7      1.901e-04    1.901e-04       3        20
        8      2.997e-05    2.997e-05       3        22
        9      6.739e-06    6.739e-06       3        24
       10      1.752e-06    1.752e-06       3        27
       11      4.120e-07    4.120e-07       0        29
   -----------------------------------------------------

    Solver has converged.


   ==> Response Properties <==

    => Dipole polarizabilities <=

              X          Y          Z     
    ----- ---------- ---------- ----------
      X     76.00467   -0.00000   -0.00000
      Y     -0.00000   76.00467   -0.00000
      Z     -0.00000   -0.00000   76.00467

*** tstop() called on BADWLRZ-CM14276 at Wed Apr 22 17:23:52 2026
Module time:
	user time   =      82.77 seconds =       1.38 minutes
	system time =       2.58 seconds =       0.04 minutes
	total time  =         45 seconds =       0.75 minutes
Total time:
	user time   =     111.44 seconds =       1.86 minutes
	system time =       4.02 seconds =       0.07 minutes
	total time  =         63 seconds =       1.05 minutes
