
  Memory set to   1.863 GiB by Python driver.
  Threads set to 2 by Python driver.

Scratch directory: /tmp/
   => Libint2 <=

    Primary   basis highest AM E, G, H:  6, 6, 3
    Auxiliary basis highest AM E, G, H:  7, 7, 4
    Onebody   basis highest AM E, G, H:  -, -, -
    Solid Harmonics ordering:            Gaussian

*** tstart() called on BADWLRZ-CM14276
*** at Wed Apr 22 15:07:51 2026

   => Loading Basis Set <=

    Name: CC-PVDZ
    Role: ORBITAL
    Keyword: BASIS
    atoms 1-2 entry H          line    22 file /opt/anaconda3/envs/psi4/share/psi4/basis/cc-pvdz.gbs 


         ---------------------------------------------------------
                                   SCF
               by Justin Turney, Rob Parrish, Andy Simmonett
                          and Daniel G. A. Smith
                              RHF Reference
                        2 Threads,   1907 MiB Core
         ---------------------------------------------------------

  ==> Geometry <==

    Molecular point group: c1
    Full point group: C_inf_v

    Geometry (in Angstrom), charge = 0, multiplicity = 1:

       Center              X                  Y                   Z               Mass       
    ------------   -----------------  -----------------  -----------------  -----------------
         H            0.000000000000     0.000000000000     0.000000000000     1.007825032230
         H            0.000000000000     0.000000000000     0.740000000000     1.007825032230

  Running in c1 symmetry.

  Rotational constants: A = ************  B =     30.54555  C =     30.54555 [cm^-1]
  Rotational constants: A = ************  B = 915732.48078  C = 915732.48078 [MHz]
  Nuclear repulsion =    0.715104338743243

  Charge       = 0
  Multiplicity = 1
  Electrons    = 2
  Nalpha       = 1
  Nbeta        = 1

  ==> Algorithm <==

  SCF Algorithm Type is PK.
  DIIS enabled.
  MOM disabled.
  Fractional occupation disabled.
  Guess Type is SAD.
  Energy threshold   = 1.00e-10
  Density threshold  = 1.00e-08
  Integral threshold = 1.00e-12

  ==> Primary Basis <==

  Basis Set: CC-PVDZ
    Blend: CC-PVDZ
    Number of shells: 6
    Number of basis functions: 10
    Number of Cartesian functions: 10
    Spherical Harmonics?: true
    Max angular momentum: 1

  ==> Integral Setup <==

  Using in-core PK algorithm.
   Calculation information:
      Number of atoms:                   2
      Number of AO shells:               6
      Number of primitives:             10
      Number of atomic orbitals:        10
      Number of basis functions:        10

      Integral cutoff                 1.00e-12
      Number of threads:                 2

  Performing in-core PK
  Using 3080 doubles for integral storage.
  We computed 342 shell quartets total.
  Whereas there are 231 unique shell quartets.
    48.05 percent of shell quartets recomputed by reordering.

  ==> DiskJK: Disk-Based J/K Matrices <==

    J tasked:                  Yes
    K tasked:                  Yes
    wK tasked:                  No
    Memory [MiB]:             1430
    Schwarz Cutoff:          1E-12

    OpenMP threads:              2

  Minimum eigenvalue in the overlap matrix is 4.3535731471E-02.
  Reciprocal condition number of the overlap matrix is 1.3990163281E-02.
    Using symmetric orthogonalization.

  ==> Pre-Iterations <==

  SCF Guess: Superposition of Atomic Densities via on-the-fly atomic UHF (no occupation information).

   -------------------------
    Irrep   Nso     Nmo    
   -------------------------
     A         10      10 
   -------------------------
    Total      10      10
   -------------------------

  ==> Iterations <==

                        Total Energy        Delta E     RMS |[F,P]|

   @RHF iter SAD:    -1.16261616167258   -1.16262e+00   0.00000e+00 
   @RHF iter   1:    -1.10498602440680    5.76301e-02   1.47271e-02 ADIIS/DIIS
   @RHF iter   2:    -1.12802293339544   -2.30369e-02   2.43952e-03 ADIIS/DIIS
   @RHF iter   3:    -1.12869888700226   -6.75954e-04   1.29149e-04 ADIIS/DIIS
   @RHF iter   4:    -1.12870009063484   -1.20363e-06   5.11710e-06 DIIS
   @RHF iter   5:    -1.12870009356048   -2.92564e-09   1.70410e-08 DIIS
   @RHF iter   6:    -1.12870009356051   -3.04201e-14   2.37142e-11 DIIS
  Energy and wave function converged.


  ==> Post-Iterations <==

    Orbital Energies [Eh]
    ---------------------

    Doubly Occupied:                                                      

       1A     -0.592411  

    Virtual:                                                              

       2A      0.197440     3A      0.479321     4A      0.937324  
       5A      1.292904     6A      1.292904     7A      1.957023  
       8A      2.043520     9A      2.043520    10A      3.610474  

    Final Occupation by Irrep:
              A 
    DOCC [     1 ]
    NA   [     1 ]
    NB   [     1 ]

  @RHF Final Energy:    -1.12870009356051

   => Energetics <=

    Nuclear Repulsion Energy =              0.7151043387432432
    One-Electron Energy =                  -2.5027868925030159
    Two-Electron Energy =                   0.6589824601992582
    Total Energy =                         -1.1287000935605145

Computation Completed


Properties will be evaluated at   0.000000,   0.000000,   0.000000 [a0]

Properties computed using the SCF density matrix


 Multipole Moments:

 ------------------------------------------------------------------------------------
     Multipole            Electronic (a.u.)      Nuclear  (a.u.)        Total (a.u.)
 ------------------------------------------------------------------------------------

 L = 1.  Multiply by 2.5417464519 to convert [e a0] to [Debye]
 Dipole X            :         -0.0000000            0.0000000           -0.0000000
 Dipole Y            :         -0.0000000            0.0000000           -0.0000000
 Dipole Z            :         -1.3983973            1.3983973           -0.0000000
 Magnitude           :                                                    0.0000000

 ------------------------------------------------------------------------------------

*** tstop() called on BADWLRZ-CM14276 at Wed Apr 22 15:07:51 2026
Module time:
	user time   =       0.29 seconds =       0.00 minutes
	system time =       0.09 seconds =       0.00 minutes
	total time  =          0 seconds =       0.00 minutes
Total time:
	user time   =       0.29 seconds =       0.00 minutes
	system time =       0.09 seconds =       0.00 minutes
	total time  =          0 seconds =       0.00 minutes


Properties will be evaluated at   0.000000,   0.000000,   0.000000 [a0]
OEProp: No title given, name of density matrix used for the following properties is 'SCF density'

 Multipole Moments:

 ------------------------------------------------------------------------------------
     Multipole            Electronic (a.u.)      Nuclear  (a.u.)        Total (a.u.)
 ------------------------------------------------------------------------------------

 L = 1.  Multiply by 2.5417464519 to convert [e a0] to [Debye]
 Dipole X            :         -0.0000000            0.0000000           -0.0000000
 Dipole Y            :         -0.0000000            0.0000000           -0.0000000
 Dipole Z            :         -1.3983973            1.3983973           -0.0000000
 Magnitude           :                                                    0.0000000

 ------------------------------------------------------------------------------------

*** tstart() called on BADWLRZ-CM14276
*** at Wed Apr 22 15:07:58 2026

   => Libint2 <=

    Primary   basis highest AM E, G, H:  6, 6, 3
    Auxiliary basis highest AM E, G, H:  7, 7, 4
    Onebody   basis highest AM E, G, H:  -, -, -
    Solid Harmonics ordering:            Gaussian
   => Loading Basis Set <=

    Name: CC-PVDZ
    Role: ORBITAL
    Keyword: BASIS
    atoms 1-2 entry H          line    22 file /opt/anaconda3/envs/psi4/share/psi4/basis/cc-pvdz.gbs 


         ---------------------------------------------------------
                                   SCF
               by Justin Turney, Rob Parrish, Andy Simmonett
                          and Daniel G. A. Smith
                              RHF Reference
                        2 Threads,   1907 MiB Core
         ---------------------------------------------------------

  ==> Geometry <==

    Molecular point group: c1
    Full point group: C_inf_v

    Geometry (in Angstrom), charge = 0, multiplicity = 1:

       Center              X                  Y                   Z               Mass       
    ------------   -----------------  -----------------  -----------------  -----------------
         H            0.000000000000     0.000000000000     0.000000000000     1.007825032230
         H            0.000000000000     0.000000000000     0.740000000000     1.007825032230

  Running in c1 symmetry.

  Rotational constants: A = ************  B =     30.54555  C =     30.54555 [cm^-1]
  Rotational constants: A = ************  B = 915732.48078  C = 915732.48078 [MHz]
  Nuclear repulsion =    0.715104338743243

  Charge       = 0
  Multiplicity = 1
  Electrons    = 2
  Nalpha       = 1
  Nbeta        = 1

  ==> Algorithm <==

  SCF Algorithm Type is DF.
  DIIS enabled.
  MOM disabled.
  Fractional occupation disabled.
  Guess Type is SAD.
  Energy threshold   = 1.00e-10
  Density threshold  = 1.00e-08
  Integral threshold = 1.00e-12

  ==> Primary Basis <==

  Basis Set: CC-PVDZ
    Blend: CC-PVDZ
    Number of shells: 6
    Number of basis functions: 10
    Number of Cartesian functions: 10
    Spherical Harmonics?: true
    Max angular momentum: 1

   => Loading Basis Set <=

    Name: (CC-PVDZ AUX)
    Role: JKFIT
    Keyword: DF_BASIS_SCF
    atoms 1-2 entry H          line    51 file /opt/anaconda3/envs/psi4/share/psi4/basis/cc-pvdz-jkfit.gbs 

  ==> Integral Setup <==

  DFHelper Memory: AOs need 0.000 GiB; user supplied 1.397 GiB. 
  SCF_SUBTYPE=INCORE selected. In-core MEM_DF algorithm will be used.
  Using in-core AOs.

  ==> MemDFJK: Density-Fitted J/K Matrices <==

    J tasked:                   Yes
    K tasked:                   Yes
    wK tasked:                   No
    OpenMP threads:               2
    Memory [MiB]:              1430
    Algorithm:                 Core
    Schwarz Cutoff:           1E-12
    Mask sparsity (%):       0.0000
    Fitting Condition:        1E-10

   => Auxiliary Basis Set <=

  Basis Set: (CC-PVDZ AUX)
    Blend: CC-PVDZ-JKFIT
    Number of shells: 18
    Number of basis functions: 46
    Number of Cartesian functions: 50
    Spherical Harmonics?: true
    Max angular momentum: 2

  Minimum eigenvalue in the overlap matrix is 4.3535731471E-02.
  Reciprocal condition number of the overlap matrix is 1.3990163281E-02.
    Using symmetric orthogonalization.

  ==> Pre-Iterations <==

  SCF Guess: Superposition of Atomic Densities via on-the-fly atomic UHF (no occupation information).

   -------------------------
    Irrep   Nso     Nmo    
   -------------------------
     A         10      10 
   -------------------------
    Total      10      10
   -------------------------

  ==> Iterations <==

                           Total Energy        Delta E     RMS |[F,P]|

   @DF-RHF iter SAD:    -1.16262561648223   -1.16263e+00   0.00000e+00 
   @DF-RHF iter   1:    -1.10498582131069    5.76398e-02   1.47271e-02 ADIIS/DIIS
   @DF-RHF iter   2:    -1.12802374269514   -2.30379e-02   2.43974e-03 ADIIS/DIIS
   @DF-RHF iter   3:    -1.12869982725511   -6.76085e-04   1.29108e-04 ADIIS/DIIS
   @DF-RHF iter   4:    -1.12870103021479   -1.20296e-06   5.11791e-06 DIIS
   @DF-RHF iter   5:    -1.12870103314085   -2.92606e-09   1.70570e-08 DIIS
   @DF-RHF iter   6:    -1.12870103314088   -3.33067e-14   2.37422e-11 DIIS
  Energy and wave function converged.


  ==> Post-Iterations <==

    Orbital Energies [Eh]
    ---------------------

    Doubly Occupied:                                                      

       1A     -0.592411  

    Virtual:                                                              

       2A      0.197388     3A      0.479314     4A      0.937283  
       5A      1.292937     6A      1.292937     7A      1.957060  
       8A      2.043541     9A      2.043541    10A      3.610506  

    Final Occupation by Irrep:
              A 
    DOCC [     1 ]
    NA   [     1 ]
    NB   [     1 ]

  @DF-RHF Final Energy:    -1.12870103314088

   => Energetics <=

    Nuclear Repulsion Energy =              0.7151043387432432
    One-Electron Energy =                  -2.5027877847350295
    Two-Electron Energy =                   0.6589824128509054
    Total Energy =                         -1.1287010331408809

Computation Completed


Properties will be evaluated at   0.000000,   0.000000,   0.000000 [a0]

Properties computed using the SCF density matrix


 Multipole Moments:

 ------------------------------------------------------------------------------------
     Multipole            Electronic (a.u.)      Nuclear  (a.u.)        Total (a.u.)
 ------------------------------------------------------------------------------------

 L = 1.  Multiply by 2.5417464519 to convert [e a0] to [Debye]
 Dipole X            :          0.0000000            0.0000000            0.0000000
 Dipole Y            :          0.0000000            0.0000000            0.0000000
 Dipole Z            :         -1.3983973            1.3983973           -0.0000000
 Magnitude           :                                                    0.0000000

 ------------------------------------------------------------------------------------


         ---------------------------------------------------------
                       CPSCF Linear Response Solver               
                 by Marvin Lechner and Daniel G. A. Smith         
         ---------------------------------------------------------

   ==> Requested Responses <==

    Dipole polarizabilities

   ==> Coupled-Perturbed RHF Solver <==

    Maxiter             =         100
    Convergence         =   1.000E-06
    Number of equations =           3
   -----------------------------------------------------
     Iter   Residual RMS      Max RMS  Remain  Time [s]
   -----------------------------------------------------
    Guess      1.830e+00    1.851e+00       3         0
        1      9.194e-02    2.758e-01       1         0
        2      3.867e-03    1.160e-02       1         0
        3      7.276e-16    9.259e-17       0         0
   -----------------------------------------------------

    Solver has converged.


   ==> Response Properties <==

    => Dipole polarizabilities <=

              X          Y          Z     
    ----- ---------- ---------- ----------
      X      1.16447    0.00000    0.00000
      Y      0.00000    1.16447    0.00000
      Z      0.00000   -0.00000    6.40825

*** tstop() called on BADWLRZ-CM14276 at Wed Apr 22 15:07:58 2026
Module time:
	user time   =       0.09 seconds =       0.00 minutes
	system time =       0.01 seconds =       0.00 minutes
	total time  =          0 seconds =       0.00 minutes
Total time:
	user time   =       4.78 seconds =       0.08 minutes
	system time =       2.18 seconds =       0.04 minutes
	total time  =          7 seconds =       0.12 minutes
