
  Memory set to   1.863 GiB by Python driver.
  Threads set to 2 by Python driver.

Scratch directory: /tmp/
  PCM or DDX continuum solvation does not make use of molecular symmetry: further calculations in C1 point group.
   => Libint2 <=

    Primary   basis highest AM E, G, H:  6, 6, 3
    Auxiliary basis highest AM E, G, H:  7, 7, 4
    Onebody   basis highest AM E, G, H:  -, -, -
    Solid Harmonics ordering:            Gaussian

*** tstart() called on BADWLRZ-CM14276
*** at Wed Apr 22 17:08:10 2026

   => Loading Basis Set <=

    Name: CC-PVDZ
    Role: ORBITAL
    Keyword: BASIS
    atoms 1   entry O          line   198 file /opt/anaconda3/envs/psi4/share/psi4/basis/cc-pvdz.gbs 
    atoms 2-3 entry H          line    22 file /opt/anaconda3/envs/psi4/share/psi4/basis/cc-pvdz.gbs 


         ---------------------------------------------------------
                                   SCF
               by Justin Turney, Rob Parrish, Andy Simmonett
                          and Daniel G. A. Smith
                              UHF Reference
                        2 Threads,   1907 MiB Core
         ---------------------------------------------------------

  ==> Geometry <==

    Molecular point group: c1
    Full point group: C2v

    Geometry (in Angstrom), charge = -1, multiplicity = 2:

       Center              X                  Y                   Z               Mass       
    ------------   -----------------  -----------------  -----------------  -----------------
         O            0.000000000000     0.000000000000     0.117790000000    15.994914619570
         H            0.000000000000     0.755453000000    -0.471161000000     1.007825032230
         H            0.000000000000    -0.755453000000    -0.471161000000     1.007825032230

  Running in c1 symmetry.

  Rotational constants: A =     25.18392  B =     14.65435  C =      9.26380 [cm^-1]
  Rotational constants: A = 754994.81881  B = 439326.25893  C = 277721.84167 [MHz]
  Nuclear repulsion =    9.189193224968481

  Charge       = -1
  Multiplicity = 2
  Electrons    = 11
  Nalpha       = 6
  Nbeta        = 5

  ==> Algorithm <==

  SCF Algorithm Type is PK.
  DIIS enabled.
  MOM disabled.
  Fractional occupation disabled.
  Guess Type is SAD.
  Energy threshold   = 1.00e-10
  Density threshold  = 1.00e-08
  Integral threshold = 1.00e-12

  ==> Primary Basis <==

  Basis Set: CC-PVDZ
    Blend: CC-PVDZ
    Number of shells: 12
    Number of basis functions: 24
    Number of Cartesian functions: 25
    Spherical Harmonics?: true
    Max angular momentum: 2

  **PSI4:PCMSOLVER Interface Active**

-----------------------------------------------------------------------
   PCMSolver: An Open Source API for the Polarizable Continuum Model
                   PCMSolver 1.2.3+zzzzzzz

           Git: Branch {}, Revision {zzzzzzz}

 R. Di Remigio, A. H. Steindal, K. Mozgawa, V. Weijo, H. Cao, and
 L. Frediani, Int. J. Quantum Chem., 2019, 119 (1), e25685.

 Source repository: https://github.com/PCMSolver/pcmsolver
 Documentation: https://pcmsolver.readthedocs.io/
 PCMSolver initialized on: Wednesday, 22 April 2026 05:08 PM
-----------------------------------------------------------------------

~~~~~~~~~~ PCMSolver ~~~~~~~~~~
Using CODATA 2010 set of constants.
Input parsing done API-side
========== Cavity 
Atomic radii set: 
Cavity type: GePol
Average tesserae area = 0.0840086 Ang^2
Solvent probe radius = 1.385 Ang
Number of spheres = 3 [initial = 3; added = 0]
Number of finite elements = 796 (0 pruned)
Number of irreducible finite elements = 796
============ Spheres list (in Angstrom)
 Sphere   on   Radius   Alpha       X            Y            Z     
-------- ---- -------- ------- -----------  -----------  -----------
   1      O    1.7500   1.20     0.000000     0.000000     0.117790
   2      H    1.4430   1.20     0.000000     0.755453     -0.471161
   3      H    1.4430   1.20     0.000000     -0.755453     -0.471161
========== Static solver 
Solver Type: IEFPCM, isotropic
PCM matrix hermitivitized
============ Medium 
Medium initialized from solvent built-in data.
Solvent name:          Water
Static  permittivity = 78.39
Optical permittivity = 1.78
Solvent radius =       1.39 Ang
.... Inside 
Green's function type: vacuum
.... Outside 
Green's function type: uniform dielectric
Permittivity = 78.39

  ==> Integral Setup <==

  Using in-core PK algorithm.
   Calculation information:
      Number of atoms:                   3
      Number of AO shells:              12
      Number of primitives:             32
      Number of atomic orbitals:        25
      Number of basis functions:        24

      Integral cutoff                 1.00e-12
      Number of threads:                 2

  Performing in-core PK
  Using 90300 doubles for integral storage.
  We computed 3337 shell quartets total.
  Whereas there are 3081 unique shell quartets.
     8.31 percent of shell quartets recomputed by reordering.

  ==> DiskJK: Disk-Based J/K Matrices <==

    J tasked:                  Yes
    K tasked:                  Yes
    wK tasked:                  No
    Memory [MiB]:             1430
    Schwarz Cutoff:          1E-12

    OpenMP threads:              2

  Minimum eigenvalue in the overlap matrix is 3.4172966107E-02.
  Reciprocal condition number of the overlap matrix is 9.2079975511E-03.
    Using symmetric orthogonalization.

  ==> Pre-Iterations <==

  SCF Guess: Superposition of Atomic Densities via on-the-fly atomic UHF (no occupation information).

   -------------------------
    Irrep   Nso     Nmo    
   -------------------------
     A         24      24 
   -------------------------
    Total      24      24
   -------------------------

  ==> Iterations <==

                        Total Energy        Delta E     RMS |[F,P]|

   @UHF iter SAD:   -76.84614416938170   -7.68461e+01   0.00000e+00 
   @UHF iter   1:   -75.91640236715865    9.29742e-01   1.27382e-02 ADIIS/DIIS
   @UHF iter   2:   -75.95545531501871   -3.90529e-02   5.72233e-03 ADIIS/DIIS
   @UHF iter   3:   -75.96212682716451   -6.67151e-03   1.41442e-03 ADIIS/DIIS
   @UHF iter   4:   -75.96269291659925   -5.66089e-04   2.80367e-04 ADIIS/DIIS
   @UHF iter   5:   -75.96274747232965   -5.45557e-05   1.24429e-04 ADIIS/DIIS
   @UHF iter   6:   -75.96276229623324   -1.48239e-05   5.56356e-05 DIIS
   @UHF iter   7:   -75.96276586420315   -3.56797e-06   1.06751e-05 DIIS
   @UHF iter   8:   -75.96276596625131   -1.02048e-07   1.86946e-06 DIIS
   @UHF iter   9:   -75.96276596865000   -2.39869e-09   4.70372e-07 DIIS
   @UHF iter  10:   -75.96276596881670   -1.66693e-10   9.64237e-08 DIIS
   @UHF iter  11:   -75.96276596882346   -6.76437e-12   1.46024e-08 DIIS
   @UHF iter  12:   -75.96276596882360   -1.42109e-13   2.96347e-09 DIIS
  Energy and wave function converged.


  ==> Post-Iterations <==

   @Spin Contamination Metric:   4.264285318E-03
   @S^2 Expected:                7.500000000E-01
   @S^2 Observed:                7.542642853E-01
   @S   Expected:                5.000000000E-01
   @S   Observed:                5.000000000E-01

    Orbital Energies [Eh]
    ---------------------

    Alpha Occupied:                                                       

       1A    -20.453726     2A     -1.271124     3A     -0.606237  
       4A     -0.503548     5A     -0.415814     6A     -0.056618  

    Alpha Virtual:                                                        

       7A      0.248007     8A      0.864419     9A      0.910482  
      10A      1.214474    11A      1.253461    12A      1.307876  
      13A      1.515106    14A      1.567765    15A      1.756461  
      16A      1.929796    17A      2.025643    18A      2.542277  
      19A      2.572951    20A      3.364596    21A      3.419748  
      22A      3.589526    23A      3.943795    24A      4.228740  

    Beta Occupied:                                                        

       1A    -20.441355     2A     -1.230709     3A     -0.601878  
       4A     -0.481200     5A     -0.402232  

    Beta Virtual:                                                         

       6A      0.252054     7A      0.317813     8A      0.875070  
       9A      0.959744    10A      1.239146    11A      1.278040  
      12A      1.325271    13A      1.527345    14A      1.579767  
      15A      1.766475    16A      1.945090    17A      2.038436  
      18A      2.553362    19A      2.601489    20A      3.381104  
      21A      3.424170    22A      3.607076    23A      3.950380  
      24A      4.240134  

    Final Occupation by Irrep:
              A 
    DOCC [     5 ]
    SOCC [     1 ]
    NA   [     6 ]
    NB   [     5 ]

  @UHF Final Energy:   -75.96276596882360

   => Energetics <=

    Nuclear Repulsion Energy =              9.1891932249684807
    One-Electron Energy =                -126.1588571617332377
    Two-Electron Energy =                  41.1208253253244465
    PCM Polarization Energy =              -0.1139273573832759
    Total Energy =                        -75.9627659688235894

  UHF NO Occupations:
  HONO-2 :    4  A 1.9995237
  HONO-1 :    5  A 1.9983792
  HONO-0 :    6  A 1.0000000
  LUNO+0 :    7  A 0.0016208
  LUNO+1 :    8  A 0.0004763
  LUNO+2 :    9  A 0.0000224
  LUNO+3 :   10  A 0.0000141


Computation Completed


Properties will be evaluated at   0.000000,   0.000000,   0.000000 [a0]

Properties computed using the SCF density matrix


 Multipole Moments:

 ------------------------------------------------------------------------------------
     Multipole            Electronic (a.u.)      Nuclear  (a.u.)        Total (a.u.)
 ------------------------------------------------------------------------------------

 L = 1.  Multiply by 2.5417464519 to convert [e a0] to [Debye]
 Dipole X            :          0.0000000            0.0000000            0.0000000
 Dipole Y            :          0.0000000            0.0000000            0.0000000
 Dipole Z            :          0.2758182           -0.0000038            0.2758144
 Magnitude           :                                                    0.2758144

 ------------------------------------------------------------------------------------

*** tstop() called on BADWLRZ-CM14276 at Wed Apr 22 17:08:12 2026
Module time:
	user time   =       1.39 seconds =       0.02 minutes
	system time =       0.21 seconds =       0.00 minutes
	total time  =          2 seconds =       0.03 minutes
Total time:
	user time   =       1.39 seconds =       0.02 minutes
	system time =       0.21 seconds =       0.00 minutes
	total time  =          2 seconds =       0.03 minutes


Properties will be evaluated at   0.000000,   0.000000,   0.000000 [a0]
OEProp: No title given, name of density matrix used for the following properties is 'SCF alpha density'

 Multipole Moments:

 ------------------------------------------------------------------------------------
     Multipole            Electronic (a.u.)      Nuclear  (a.u.)        Total (a.u.)
 ------------------------------------------------------------------------------------

 L = 1.  Multiply by 2.5417464519 to convert [e a0] to [Debye]
 Dipole X            :          0.0000000            0.0000000            0.0000000
 Dipole Y            :          0.0000000            0.0000000            0.0000000
 Dipole Z            :          0.2758182           -0.0000038            0.2758144
 Magnitude           :                                                    0.2758144

 ------------------------------------------------------------------------------------
