
  Memory set to   1.863 GiB by Python driver.
  Threads set to 2 by Python driver.

Scratch directory: /tmp/
  PCM or DDX continuum solvation does not make use of molecular symmetry: further calculations in C1 point group.
   => Libint2 <=

    Primary   basis highest AM E, G, H:  6, 6, 3
    Auxiliary basis highest AM E, G, H:  7, 7, 4
    Onebody   basis highest AM E, G, H:  -, -, -
    Solid Harmonics ordering:            Gaussian

*** tstart() called on BADWLRZ-CM14276
*** at Wed Apr 22 17:19:28 2026

   => Loading Basis Set <=

    Name: AUG-CC-PVDZ
    Role: ORBITAL
    Keyword: BASIS
    atoms 1   entry O          line   254 file /opt/anaconda3/envs/psi4/share/psi4/basis/aug-cc-pvdz.gbs 
    atoms 2-3 entry H          line    40 file /opt/anaconda3/envs/psi4/share/psi4/basis/aug-cc-pvdz.gbs 


         ---------------------------------------------------------
                                   SCF
               by Justin Turney, Rob Parrish, Andy Simmonett
                          and Daniel G. A. Smith
                              UHF Reference
                        2 Threads,   1907 MiB Core
         ---------------------------------------------------------

  ==> Geometry <==

    Molecular point group: c1
    Full point group: C2v

    Geometry (in Angstrom), charge = -1, multiplicity = 2:

       Center              X                  Y                   Z               Mass       
    ------------   -----------------  -----------------  -----------------  -----------------
         O            0.000000000000     0.000000000000     0.117790000000    15.994914619570
         H            0.000000000000     0.755453000000    -0.471161000000     1.007825032230
         H            0.000000000000    -0.755453000000    -0.471161000000     1.007825032230

  Running in c1 symmetry.

  Rotational constants: A =     25.18392  B =     14.65435  C =      9.26380 [cm^-1]
  Rotational constants: A = 754994.81881  B = 439326.25893  C = 277721.84167 [MHz]
  Nuclear repulsion =    9.189193224968481

  Charge       = -1
  Multiplicity = 2
  Electrons    = 11
  Nalpha       = 6
  Nbeta        = 5

  ==> Algorithm <==

  SCF Algorithm Type is PK.
  DIIS enabled.
  MOM disabled.
  Fractional occupation disabled.
  Guess Type is SAD.
  Energy threshold   = 1.00e-10
  Density threshold  = 1.00e-08
  Integral threshold = 1.00e-12

  ==> Primary Basis <==

  Basis Set: AUG-CC-PVDZ
    Blend: AUG-CC-PVDZ
    Number of shells: 19
    Number of basis functions: 41
    Number of Cartesian functions: 43
    Spherical Harmonics?: true
    Max angular momentum: 2

  **PSI4:PCMSOLVER Interface Active**

-----------------------------------------------------------------------
   PCMSolver: An Open Source API for the Polarizable Continuum Model
                   PCMSolver 1.2.3+zzzzzzz

           Git: Branch {}, Revision {zzzzzzz}

 R. Di Remigio, A. H. Steindal, K. Mozgawa, V. Weijo, H. Cao, and
 L. Frediani, Int. J. Quantum Chem., 2019, 119 (1), e25685.

 Source repository: https://github.com/PCMSolver/pcmsolver
 Documentation: https://pcmsolver.readthedocs.io/
 PCMSolver initialized on: Wednesday, 22 April 2026 05:19 PM
-----------------------------------------------------------------------

~~~~~~~~~~ PCMSolver ~~~~~~~~~~
Using CODATA 2010 set of constants.
Input parsing done API-side
========== Cavity 
Atomic radii set: 
Cavity type: GePol
Average tesserae area = 0.0840086 Ang^2
Solvent probe radius = 2.9 Ang
Number of spheres = 3 [initial = 3; added = 0]
Number of finite elements = 796 (0 pruned)
Number of irreducible finite elements = 796
============ Spheres list (in Angstrom)
 Sphere   on   Radius   Alpha       X            Y            Z     
-------- ---- -------- ------- -----------  -----------  -----------
   1      O    1.7500   1.20     0.000000     0.000000     0.117790
   2      H    1.4430   1.20     0.000000     0.755453     -0.471161
   3      H    1.4430   1.20     0.000000     -0.755453     -0.471161
========== Static solver 
Solver Type: IEFPCM, isotropic
PCM matrix hermitivitized
============ Medium 
Medium initialized from solvent built-in data.
Solvent name:          Tetrahydrofurane
Static  permittivity = 7.58
Optical permittivity = 1.97
Solvent radius =       2.90 Ang
.... Inside 
Green's function type: vacuum
.... Outside 
Green's function type: uniform dielectric
Permittivity = 7.58

  ==> Integral Setup <==

  Using in-core PK algorithm.
   Calculation information:
      Number of atoms:                   3
      Number of AO shells:              19
      Number of primitives:             39
      Number of atomic orbitals:        43
      Number of basis functions:        41

      Integral cutoff                 1.00e-12
      Number of threads:                 2

  Performing in-core PK
  Using 742182 doubles for integral storage.
  We computed 19813 shell quartets total.
  Whereas there are 18145 unique shell quartets.
     9.19 percent of shell quartets recomputed by reordering.

  ==> DiskJK: Disk-Based J/K Matrices <==

    J tasked:                  Yes
    K tasked:                  Yes
    wK tasked:                  No
    Memory [MiB]:             1430
    Schwarz Cutoff:          1E-12

    OpenMP threads:              2

  Minimum eigenvalue in the overlap matrix is 2.6523978370E-03.
  Reciprocal condition number of the overlap matrix is 4.6665995213E-04.
    Using symmetric orthogonalization.

  ==> Pre-Iterations <==

  SCF Guess: Superposition of Atomic Densities via on-the-fly atomic UHF (no occupation information).

   -------------------------
    Irrep   Nso     Nmo    
   -------------------------
     A         41      41 
   -------------------------
    Total      41      41
   -------------------------

  ==> Iterations <==

                        Total Energy        Delta E     RMS |[F,P]|

   @UHF iter SAD:   -76.76352819864817   -7.67635e+01   0.00000e+00 
   @UHF iter   1:   -75.99828827580754    7.65240e-01   7.78028e-03 ADIIS/DIIS
   @UHF iter   2:   -76.05536099334492   -5.70727e-02   4.06297e-03 ADIIS/DIIS
   @UHF iter   3:   -76.06507060197353   -9.70961e-03   9.92715e-04 ADIIS/DIIS
   @UHF iter   4:   -76.06613278677824   -1.06218e-03   1.99374e-04 ADIIS/DIIS
   @UHF iter   5:   -76.06624926499974   -1.16478e-04   7.33602e-05 DIIS
   @UHF iter   6:   -76.06627643272066   -2.71677e-05   2.67734e-05 DIIS
   @UHF iter   7:   -76.06628035420061   -3.92148e-06   7.76155e-06 DIIS
   @UHF iter   8:   -76.06628067901616   -3.24816e-07   2.43270e-06 DIIS
   @UHF iter   9:   -76.06628071384210   -3.48259e-08   6.17196e-07 DIIS
   @UHF iter  10:   -76.06628071572003   -1.87792e-09   1.61236e-07 DIIS
   @UHF iter  11:   -76.06628071583854   -1.18519e-10   4.68583e-08 DIIS
   @UHF iter  12:   -76.06628071585551   -1.69678e-11   1.92518e-08 DIIS
   @UHF iter  13:   -76.06628071585882   -3.31113e-12   6.34726e-09 DIIS
  Energy and wave function converged.


  ==> Post-Iterations <==

   @Spin Contamination Metric:   8.602876512E-04
   @S^2 Expected:                7.500000000E-01
   @S^2 Observed:                7.508602877E-01
   @S   Expected:                5.000000000E-01
   @S   Observed:                5.000000000E-01

    Orbital Energies [Eh]
    ---------------------

    Alpha Occupied:                                                       

       1A    -20.534145     2A     -1.319632     3A     -0.674250  
       4A     -0.550086     5A     -0.468277     6A     -0.088244  

    Alpha Virtual:                                                        

       7A      0.069890     8A      0.174442     9A      0.194406  
      10A      0.230112    11A      0.245399    12A      0.317607  
      13A      0.353623    14A      0.411006    15A      0.428014  
      16A      0.459732    17A      0.572876    18A      0.679400  
      19A      0.688910    20A      0.850340    21A      0.969107  
      22A      1.128834    23A      1.145877    24A      1.183027  
      25A      1.342770    26A      1.498087    27A      1.521259  
      28A      1.615979    29A      2.050481    30A      2.053556  
      31A      2.155283    32A      2.406351    33A      2.528150  
      34A      2.671375    35A      2.757532    36A      3.011675  
      37A      3.710786    38A      3.729167    39A      3.742314  
      40A      4.064884    41A      4.349628  

    Beta Occupied:                                                        

       1A    -20.531937     2A     -1.310956     3A     -0.674050  
       4A     -0.547884     5A     -0.468765  

    Beta Virtual:                                                         

       6A      0.078388     7A      0.101917     8A      0.206938  
       9A      0.221099    10A      0.255258    11A      0.259976  
      12A      0.340229    13A      0.372541    14A      0.429022  
      15A      0.446056    16A      0.476515    17A      0.585887  
      18A      0.694666    19A      0.697106    20A      0.855036  
      21A      0.973022    22A      1.131564    23A      1.148957  
      24A      1.185885    25A      1.349287    26A      1.501851  
      27A      1.523971    28A      1.617703    29A      2.052522  
      30A      2.055775    31A      2.157589    32A      2.408896  
      33A      2.530196    34A      2.678773    35A      2.758930  
      36A      3.012578    37A      3.713048    38A      3.731995  
      39A      3.742526    40A      4.065116    41A      4.351469  

    Final Occupation by Irrep:
              A 
    DOCC [     5 ]
    SOCC [     1 ]
    NA   [     6 ]
    NB   [     5 ]

  @UHF Final Energy:   -76.06628071585882

   => Energetics <=

    Nuclear Repulsion Energy =              9.1891932249684807
    One-Electron Energy =                -124.9810175304333484
    Two-Electron Energy =                  39.7906511548311954
    PCM Polarization Energy =              -0.0651075652251458
    Total Energy =                        -76.0662807158588237

  UHF NO Occupations:
  HONO-2 :    4  A 1.9998748
  HONO-1 :    5  A 1.9998386
  HONO-0 :    6  A 1.0000000
  LUNO+0 :    7  A 0.0001614
  LUNO+1 :    8  A 0.0001252
  LUNO+2 :    9  A 0.0001176
  LUNO+3 :   10  A 0.0000260


Computation Completed


Properties will be evaluated at   0.000000,   0.000000,   0.000000 [a0]

Properties computed using the SCF density matrix


 Multipole Moments:

 ------------------------------------------------------------------------------------
     Multipole            Electronic (a.u.)      Nuclear  (a.u.)        Total (a.u.)
 ------------------------------------------------------------------------------------

 L = 1.  Multiply by 2.5417464519 to convert [e a0] to [Debye]
 Dipole X            :          0.0000000            0.0000000            0.0000000
 Dipole Y            :         -0.0000000            0.0000000           -0.0000000
 Dipole Z            :          0.6642574           -0.0000038            0.6642536
 Magnitude           :                                                    0.6642536

 ------------------------------------------------------------------------------------

*** tstop() called on BADWLRZ-CM14276 at Wed Apr 22 17:19:30 2026
Module time:
	user time   =       1.75 seconds =       0.03 minutes
	system time =       0.16 seconds =       0.00 minutes
	total time  =          2 seconds =       0.03 minutes
Total time:
	user time   =       1.75 seconds =       0.03 minutes
	system time =       0.16 seconds =       0.00 minutes
	total time  =          2 seconds =       0.03 minutes


Properties will be evaluated at   0.000000,   0.000000,   0.000000 [a0]
OEProp: No title given, name of density matrix used for the following properties is 'SCF alpha density'

 Multipole Moments:

 ------------------------------------------------------------------------------------
     Multipole            Electronic (a.u.)      Nuclear  (a.u.)        Total (a.u.)
 ------------------------------------------------------------------------------------

 L = 1.  Multiply by 2.5417464519 to convert [e a0] to [Debye]
 Dipole X            :          0.0000000            0.0000000            0.0000000
 Dipole Y            :         -0.0000000            0.0000000           -0.0000000
 Dipole Z            :          0.6642574           -0.0000038            0.6642536
 Magnitude           :                                                    0.6642536

 ------------------------------------------------------------------------------------
