
  Memory set to   1.863 GiB by Python driver.
  Threads set to 2 by Python driver.

Scratch directory: /tmp/
   => Libint2 <=

    Primary   basis highest AM E, G, H:  6, 6, 3
    Auxiliary basis highest AM E, G, H:  7, 7, 4
    Onebody   basis highest AM E, G, H:  -, -, -
    Solid Harmonics ordering:            Gaussian

*** tstart() called on BADWLRZ-CM14276
*** at Wed Apr 22 17:07:35 2026

   => Loading Basis Set <=

    Name: CC-PVDZ
    Role: ORBITAL
    Keyword: BASIS
    atoms 1   entry O          line   198 file /opt/anaconda3/envs/psi4/share/psi4/basis/cc-pvdz.gbs 
    atoms 2-3 entry H          line    22 file /opt/anaconda3/envs/psi4/share/psi4/basis/cc-pvdz.gbs 


         ---------------------------------------------------------
                                   SCF
               by Justin Turney, Rob Parrish, Andy Simmonett
                          and Daniel G. A. Smith
                              UHF Reference
                        2 Threads,   1907 MiB Core
         ---------------------------------------------------------

  ==> Geometry <==

    Molecular point group: c1
    Full point group: C2v

    Geometry (in Angstrom), charge = -1, multiplicity = 2:

       Center              X                  Y                   Z               Mass       
    ------------   -----------------  -----------------  -----------------  -----------------
         O            0.000000000000     0.000000000000     0.117790000000    15.994914619570
         H            0.000000000000     0.755453000000    -0.471161000000     1.007825032230
         H            0.000000000000    -0.755453000000    -0.471161000000     1.007825032230

  Running in c1 symmetry.

  Rotational constants: A =     25.18392  B =     14.65435  C =      9.26380 [cm^-1]
  Rotational constants: A = 754994.81881  B = 439326.25893  C = 277721.84167 [MHz]
  Nuclear repulsion =    9.189193224968481

  Charge       = -1
  Multiplicity = 2
  Electrons    = 11
  Nalpha       = 6
  Nbeta        = 5

  ==> Algorithm <==

  SCF Algorithm Type is PK.
  DIIS enabled.
  MOM disabled.
  Fractional occupation disabled.
  Guess Type is SAD.
  Energy threshold   = 1.00e-10
  Density threshold  = 1.00e-08
  Integral threshold = 1.00e-12

  ==> Primary Basis <==

  Basis Set: CC-PVDZ
    Blend: CC-PVDZ
    Number of shells: 12
    Number of basis functions: 24
    Number of Cartesian functions: 25
    Spherical Harmonics?: true
    Max angular momentum: 2

  ==> Integral Setup <==

  Using in-core PK algorithm.
   Calculation information:
      Number of atoms:                   3
      Number of AO shells:              12
      Number of primitives:             32
      Number of atomic orbitals:        25
      Number of basis functions:        24

      Integral cutoff                 1.00e-12
      Number of threads:                 2

  Performing in-core PK
  Using 90300 doubles for integral storage.
  We computed 3337 shell quartets total.
  Whereas there are 3081 unique shell quartets.
     8.31 percent of shell quartets recomputed by reordering.

  ==> DiskJK: Disk-Based J/K Matrices <==

    J tasked:                  Yes
    K tasked:                  Yes
    wK tasked:                  No
    Memory [MiB]:             1430
    Schwarz Cutoff:          1E-12

    OpenMP threads:              2

  Minimum eigenvalue in the overlap matrix is 3.4172966107E-02.
  Reciprocal condition number of the overlap matrix is 9.2079975511E-03.
    Using symmetric orthogonalization.

  ==> Pre-Iterations <==

  SCF Guess: Superposition of Atomic Densities via on-the-fly atomic UHF (no occupation information).

   -------------------------
    Irrep   Nso     Nmo    
   -------------------------
     A         24      24 
   -------------------------
    Total      24      24
   -------------------------

  ==> Iterations <==

                        Total Energy        Delta E     RMS |[F,P]|

   @UHF iter SAD:   -76.48787683256822   -7.64879e+01   0.00000e+00 
   @UHF iter   1:   -75.80088817262848    6.86989e-01   1.29942e-02 DIIS/ADIIS
   @UHF iter   2:   -75.84143309391435   -4.05449e-02   5.78942e-03 DIIS/ADIIS
   @UHF iter   3:   -75.84821329931361   -6.78021e-03   1.44711e-03 DIIS/ADIIS
   @UHF iter   4:   -75.84879584906190   -5.82550e-04   2.95832e-04 DIIS/ADIIS
   @UHF iter   5:   -75.84885549484302   -5.96458e-05   1.30636e-04 DIIS/ADIIS
   @UHF iter   6:   -75.84887201728318   -1.65224e-05   5.93052e-05 DIIS
   @UHF iter   7:   -75.84887613829507   -4.12101e-06   1.11711e-05 DIIS
   @UHF iter   8:   -75.84887624711506   -1.08820e-07   1.95754e-06 DIIS
   @UHF iter   9:   -75.84887624967965   -2.56459e-09   4.83020e-07 DIIS
   @UHF iter  10:   -75.84887624984954   -1.69891e-10   1.02477e-07 DIIS
   @UHF iter  11:   -75.84887624985697   -7.43228e-12   1.58586e-08 DIIS
   @UHF iter  12:   -75.84887624985708   -1.13687e-13   3.19448e-09 DIIS
  Energy and wave function converged.


  ==> Post-Iterations <==

   @Spin Contamination Metric:   4.435577186E-03
   @S^2 Expected:                7.500000000E-01
   @S^2 Observed:                7.544355772E-01
   @S   Expected:                5.000000000E-01
   @S   Observed:                5.000000000E-01

    Orbital Energies [Eh]
    ---------------------

    Alpha Occupied:                                                       

       1A    -20.223602     2A     -1.040027     3A     -0.375884  
       4A     -0.272899     5A     -0.184720     6A      0.169690  

    Alpha Virtual:                                                        

       7A      0.467121     8A      1.092589     9A      1.138490  
      10A      1.445608    11A      1.485319    12A      1.535093  
      13A      1.745165    14A      1.798272    15A      1.987081  
      16A      2.160505    17A      2.255738    18A      2.771049  
      19A      2.802214    20A      3.595369    21A      3.650232  
      22A      3.819827    23A      4.173904    24A      4.458358  

    Beta Occupied:                                                        

       1A    -20.211448     2A     -1.000231     3A     -0.371942  
       4A     -0.250834     5A     -0.171301  

    Beta Virtual:                                                         

       6A      0.477734     7A      0.536627     8A      1.103109  
       9A      1.187580    10A      1.470016    11A      1.509670  
      12A      1.552325    13A      1.757323    14A      1.810191  
      15A      1.997035    16A      2.175525    17A      2.268466  
      18A      2.781900    19A      2.830418    20A      3.611727  
      21A      3.654475    22A      3.837132    23A      4.180313  
      24A      4.469472  

    Final Occupation by Irrep:
              A 
    DOCC [     5 ]
    SOCC [     1 ]
    NA   [     6 ]
    NB   [     5 ]

  @UHF Final Energy:   -75.84887624985708

   => Energetics <=

    Nuclear Repulsion Energy =              9.1891932249684807
    One-Electron Energy =                -126.1429394505265122
    Two-Electron Energy =                  41.1048699757009501
    Total Energy =                        -75.8488762498570850

  UHF NO Occupations:
  HONO-2 :    4  A 1.9995316
  HONO-1 :    5  A 1.9982854
  HONO-0 :    6  A 1.0000000
  LUNO+0 :    7  A 0.0017146
  LUNO+1 :    8  A 0.0004684
  LUNO+2 :    9  A 0.0000228
  LUNO+3 :   10  A 0.0000136


Computation Completed


Properties will be evaluated at   0.000000,   0.000000,   0.000000 [a0]

Properties computed using the SCF density matrix


 Multipole Moments:

 ------------------------------------------------------------------------------------
     Multipole            Electronic (a.u.)      Nuclear  (a.u.)        Total (a.u.)
 ------------------------------------------------------------------------------------

 L = 1.  Multiply by 2.5417464519 to convert [e a0] to [Debye]
 Dipole X            :         -0.0000000            0.0000000           -0.0000000
 Dipole Y            :         -0.0000000            0.0000000           -0.0000000
 Dipole Z            :          0.2784186           -0.0000038            0.2784148
 Magnitude           :                                                    0.2784148

 ------------------------------------------------------------------------------------

*** tstop() called on BADWLRZ-CM14276 at Wed Apr 22 17:07:36 2026
Module time:
	user time   =       0.34 seconds =       0.01 minutes
	system time =       0.06 seconds =       0.00 minutes
	total time  =          1 seconds =       0.02 minutes
Total time:
	user time   =       0.34 seconds =       0.01 minutes
	system time =       0.06 seconds =       0.00 minutes
	total time  =          1 seconds =       0.02 minutes


Properties will be evaluated at   0.000000,   0.000000,   0.000000 [a0]
OEProp: No title given, name of density matrix used for the following properties is 'SCF alpha density'

 Multipole Moments:

 ------------------------------------------------------------------------------------
     Multipole            Electronic (a.u.)      Nuclear  (a.u.)        Total (a.u.)
 ------------------------------------------------------------------------------------

 L = 1.  Multiply by 2.5417464519 to convert [e a0] to [Debye]
 Dipole X            :         -0.0000000            0.0000000           -0.0000000
 Dipole Y            :         -0.0000000            0.0000000           -0.0000000
 Dipole Z            :          0.2784186           -0.0000038            0.2784148
 Magnitude           :                                                    0.2784148

 ------------------------------------------------------------------------------------
